
================================================================
======== txAdmin v7.1.0 atop fxserver 7930 Starting - 18.4.2024, 00:59:09
================================================================

================================================================
======== Log Rotated - 18.4.2024, 00:59:09                      
================================================================
[05:00:15][SCHEDULER] Restarting server (scheduled restart at 05:00).
[12:00:28][SCHEDULER] Restarting server (scheduled restart at 12:00).
[03:51:19][CBayless] executed "refresh"
[03:51:30][CBayless] executed "ensure "eup""
[03:57:38][ARebelSoul] logged in from 69.162.231.16 via password
[03:57:58][ARebelSoul] executed "refresh"
[03:58:10][ARebelSoul] executed "ensure "c320nforcesilv""
[03:58:12][ARebelSoul] executed "refresh"

================================================================
======== txAdmin v7.1.0 atop fxserver 7944 Starting - 19.4.2024, 04:00:40
================================================================
[04:00:49][ARebelSoul] logged in from 69.162.231.16 via password
[04:03:52][ARebelSoul] executed "ensure "eup""
[04:04:53][ARebelSoul] Sending announcement: RESTART
[04:04:57][ARebelSoul] Sending announcement: 5
[04:04:59][ARebelSoul] Sending announcement: 4
[04:05:02][ARebelSoul] Sending announcement: 3
[04:05:03][ARebelSoul] Sending announcement: 2
[04:05:04][ARebelSoul] Sending announcement: 1
[04:05:12][ARebelSoul] executed "RESTART SERVER"
[04:22:47][ARebelSoul] DM to #wolfyjnk: uwu
[04:37:33][ARebelSoul] executed "ensure "c320nforcesilv""
[05:00:40][SCHEDULER] Restarting server (scheduled restart at 05:00).
[05:01:20][ARebelSoul] executed "RESTART SERVER"
[05:25:53][ARebelSoul] executed "refresh"
[05:28:15][ARebelSoul] executed "RESTART SERVER"
[05:28:29][ARebelSoul] executed "refresh"
[05:35:08][ARebelSoul] executed "refresh"
[05:35:53][ARebelSoul] executed "RESTART SERVER"
[05:36:46][ARebelSoul] executed "RESTART SERVER"
[05:37:18][ARebelSoul] executed "ensure "eup""
[12:00:51][SCHEDULER] Restarting server (scheduled restart at 12:00).
[12:01:57][MONITOR] Restarting server (server partial hang detected).
[00:25:45][CBayless] executed "refresh"
[00:25:49][CBayless] executed "ensure "thinline_slstinger""
[00:25:50][CBayless] executed "ensure "thinline_taserx2""
[00:31:06][CBayless] executed "refresh"
[00:31:11][CBayless] executed "ensure "thinline_aspbaton""
[00:36:13][CBayless] executed "refresh"
[00:36:16][CBayless] executed "ensure "thinline_taserx2""
[00:36:34][CBayless] executed "ensure "eup""
[00:36:42][CBayless] executed "ensure "eup""
[00:36:57][MONITOR] Restarting server (server close detected).

================================================================
======== txAdmin v7.1.0 atop fxserver 7969 Starting - 20.4.2024, 00:50:40
================================================================
[05:00:46][SCHEDULER] Restarting server (scheduled restart at 05:00).
[05:30:50][CBayless] executed "refresh"
[05:30:56][CBayless] executed "ensure "lvc_fleet""
[06:34:36][ARebelSoul] logged in from 69.162.231.16 via password
[06:35:55][ARebelSoul] executed "ensure "LegacyFuel""
[07:33:09][CBayless] executed "refresh"
[07:33:17][CBayless] executed "ensure "lvc_fleet""
[08:14:19][CBayless] executed "refresh"
[08:14:32][CBayless] executed "ensure "stang""
[08:37:17][ARebelSoul] executed "refresh"
[08:37:22][ARebelSoul] executed "ensure "flashbang""
[08:41:31][ARebelSoul] executed "ensure "vMenu""
[08:43:18][ARebelSoul] executed "ensure "vMenu""
[08:47:57][ARebelSoul] executed "ensure "vMenu""
[08:52:42][ARebelSoul] executed "ensure "vMenu""
[08:54:03][ARebelSoul] executed "RESTART SERVER"
[12:00:59][SCHEDULER] Restarting server (scheduled restart at 12:00).
[03:54:42][GShepGames] executed "refresh"
[03:54:47][GShepGames] executed "ensure "boat""
[04:02:54][GShepGames] executed "refresh"
[04:02:58][GShepGames] executed "ensure "SWAT""
[04:49:08][GShepGames] executed "refresh"
[04:49:12][GShepGames] executed "ensure "Boats""
[04:52:28][GShepGames] executed "refresh"
[04:52:31][GShepGames] executed "ensure "Bearcat""
[04:52:34][GShepGames] executed "ensure "MRAP""
[04:55:22][GShepGames] executed "refresh"
[04:55:26][GShepGames] executed "ensure "BearcatStairs""
[04:55:49][GShepGames] executed "ensure "Bearcat""
[05:00:23][SCHEDULER] Restarting server (scheduled restart at 05:00).
[05:04:19][GShepGames] executed "refresh"
[05:04:25][GShepGames] executed "ensure "Bearcat""
[05:07:07][GShepGames] executed "refresh"
[05:07:12][GShepGames] executed "ensure "Bearcat""
[05:07:17][GShepGames] executed "ensure "BearcatStairs""
[05:52:15][GShepGames] executed "refresh"
[05:52:44][GShepGames] executed "refresh"
[05:52:47][GShepGames] executed "ensure "DodgeRollback""
[07:13:55][CBayless] executed "refresh"
[07:14:25][CBayless] executed "ensure "16exp""
[07:23:12][CBayless] executed "ensure "lvc_fleet""
[07:32:00][ARebelSoul] executed "/weather clear"
[07:35:33][CBayless] executed "refresh"
[07:35:41][CBayless] executed "ensure "leo-wheels""
[07:41:26][ARebelSoul] Warned player [5] GShep Games: abuser
[12:00:35][SCHEDULER] Restarting server (scheduled restart at 12:00).
[05:00:59][SCHEDULER] Restarting server (scheduled restart at 05:00).
[12:00:11][SCHEDULER] Restarting server (scheduled restart at 12:00).
[05:00:42][SCHEDULER] Restarting server (scheduled restart at 05:00).
[12:00:53][SCHEDULER] Restarting server (scheduled restart at 12:00).
[05:00:19][SCHEDULER] Restarting server (scheduled restart at 05:00).
[05:17:32][CBayless] executed "refresh"
[05:17:35][CBayless] executed "ensure "test""
[12:00:30][SCHEDULER] Restarting server (scheduled restart at 12:00).
[02:32:49][CBayless] executed "refresh"
[02:32:55][CBayless] executed "ensure "test""
[05:00:01][SCHEDULER] Restarting server (scheduled restart at 05:00).
[12:00:13][SCHEDULER] Restarting server (scheduled restart at 12:00).
[01:04:56][CBayless] executed "refresh"
[01:04:59][CBayless] executed "ensure "2018chg1""
[01:04:59][CBayless] executed "ensure "2018chg2""
[01:05:00][CBayless] executed "ensure "2018duran""
[01:05:00][CBayless] executed "ensure "2020hoe1""
[01:05:01][CBayless] executed "ensure "2020hoe2""
[01:05:02][CBayless] executed "ensure "2022hoe""
[02:07:34][CBayless] executed "refresh"
[02:07:43][CBayless] executed "ensure "test""
[04:10:23][CBayless] executed "refresh"
[04:10:51][CBayless] executed "refresh"
[04:10:54][CBayless] executed "ensure "test2""
[04:34:11][CBayless] executed "ensure "test2""
[04:59:16][CBayless] Warned player [4] wolfyjnk: that not nice mister
[04:59:35][CBayless] Sending announcement: still not nice
[05:00:42][SCHEDULER] Restarting server (scheduled restart at 05:00).
[05:07:35][ARebelSoul] logged in from 69.162.231.16 via password
[05:07:40][ARebelSoul] executed "ensure "test""
[05:29:44][ARebelSoul] executed "ensure "test""
[12:00:55][SCHEDULER] Restarting server (scheduled restart at 12:00).
