
================================================================
======== Log Rotated - 27.4.2024, 00:00:00                      
================================================================

================================================================
======== txAdmin v7.1.0 atop fxserver 8049 Starting - 27.4.2024, 04:25:19
================================================================
[04:27:43][CBayless] executed "refresh"
[04:27:46][CBayless] executed "ensure "AZDPS""
[04:28:36][CBayless] executed "stop "2018hoee""
[04:28:38][CBayless] executed "ensure "AZDPS""

================================================================
======== txAdmin v7.1.0 atop fxserver 8049 Starting - 27.4.2024, 04:32:29
================================================================
[04:34:14][CBayless] executed "refresh"
[04:34:21][CBayless] executed "ensure "AZDPS""
[04:35:32][CBayless] executed "refresh"
[04:35:37][CBayless] executed "ensure "AZDPS""
[04:36:35][CBayless] executed "refresh"
[04:36:42][CBayless] executed "ensure "AZDPS""
[04:44:05][CBayless] executed "refresh"
[04:44:11][CBayless] executed "ensure "AZDPS""
[04:59:16][CBayless] executed "refresh"
[04:59:19][CBayless] executed "ensure "phoenixtah5""
[05:00:29][SCHEDULER] Restarting server (scheduled restart at 05:00).
[05:04:17][CBayless] executed "refresh"
[05:04:28][CBayless] executed "ensure "phoenixtah3""
[05:15:11][CBayless] executed "refresh"
[05:15:28][CBayless] executed "ensure "goodyearpd""
[05:49:52][CBayless] executed "refresh"
[05:49:54][CBayless] executed "ensure "plate""
[05:52:44][CBayless] executed "ensure "plate""
[05:54:02][CBayless] executed "ensure "plate""
[05:54:55][CBayless] executed "ensure "plate""
[06:00:00][CBayless] executed "refresh"
[06:00:07][CBayless] executed "ensure "lvc_fleet""
[06:00:25][CBayless] executed "ensure "lvc_fleet""
[06:00:39][CBayless] executed "ensure "lvc_fleet""
[06:00:53][CBayless] executed "stop "lvc_fleet""
[06:00:55][CBayless] executed "ensure "lvc_fleet""
[06:01:25][CBayless] executed "ensure "lvc_fleet""
[06:02:16][CBayless] executed "refresh"
[06:02:19][CBayless] executed "ensure "lvc_fleet""

================================================================
======== txAdmin v7.1.0 atop fxserver 8049 Starting - 27.4.2024, 06:03:17
================================================================
[06:09:34][CBayless] executed "refresh"
[06:09:48][CBayless] executed "ensure "lvc_fleet""
[06:11:19][CBayless] executed "ensure "lvc_fleet""
[12:00:25][SCHEDULER] Restarting server (scheduled restart at 12:00).
[04:40:41][ARebelSoul] logged in from 69.162.231.16 via password
[04:45:46][CBayless] executed "refresh"
[04:45:53][CBayless] executed "ensure "AZDPS""
[04:51:19][CBayless] Changing monitor settings.
[04:58:12][CBayless] executed "refresh"
[04:58:17][CBayless] executed "ensure "AZDPS""
[04:58:53][CBayless] executed "refresh"
[04:58:57][CBayless] executed "ensure "AZDPS""
[04:59:46][CBayless] executed "refresh"
[04:59:52][CBayless] executed "ensure "AZDPS""
[05:10:03][CBayless] executed "refresh"
[05:10:07][CBayless] executed "ensure "AZDPS""
[06:35:46][zap1193672] logged in from 69.162.231.16 via password
[06:36:04][zap1193672] executed "STOP SERVER"
[06:36:04][zap1193672] Resetting fxRunner settings.
[06:36:21][zap1193672] Changing global settings via setup stepper and started Deployer.
[06:36:32][zap1193672] Setting recipe.
[06:36:59][zap1193672] Running recipe.
[06:46:00][zap1193672] Completed and committed server deploy.
[09:09:56][zap1193672] executed "RESTART SERVER"
[09:10:39][zap1193672] executed "ensure "leo-wheels""
[09:10:44][zap1193672] executed "ensure "dpemotes""
[09:14:33][zap1193672] executed "RESTART SERVER"
[00:08:06][zap1193672] executed "RESTART SERVER"
[00:10:17][ARebelSoul] executed "ensure "01-RAM-POV""
[00:10:17][ARebelSoul] executed "ensure "16-RAM-POV""
[00:10:18][ARebelSoul] executed "ensure "18-F150-POV""
[00:10:18][ARebelSoul] executed "ensure "20-RAM-POV""
[00:10:19][ARebelSoul] executed "ensure "22-F250-POV""
[00:15:16][zap1193672] executed "RESTART SERVER"
[00:17:58][ARebelSoul] executed "ensure "01-RAM-POV""
[00:18:17][ARebelSoul] executed "ensure "18-F150-POV""
[00:18:24][ARebelSoul] executed "ensure "20-RAM-POV""
[00:18:30][ARebelSoul] executed "ensure "22-F250-POV""
[00:30:28][ARebelSoul] executed "ensure "Valor%20Setina%20Full%20Pack""
[00:30:41][CBayless] executed "refresh"
[00:30:59][CBayless] executed "ensure "Valor%20Setina%20Full%20Pack""
[00:32:10][CBayless] executed "refresh"
[00:32:18][CBayless] executed "ensure "Valor%20Setina%20Full%20Pack""
[00:36:07][CBayless] executed "refresh"
[00:36:16][CBayless] executed "ensure "DPS""
[01:32:39][zap1193672] executed "ensure "qb-mechanicjob""
[01:41:41][ARebelSoul] executed "refresh"
[01:41:50][ARebelSoul] executed "ensure "01-RAM-POV""
[01:41:51][ARebelSoul] executed "ensure "18-F150-POV""
[01:41:51][ARebelSoul] executed "ensure "20-RAM-POV""
[01:41:52][ARebelSoul] executed "ensure "22-F250-POV""
[01:42:00][ARebelSoul] executed "ensure "2019%20Valor%20Full%20Pack""
[01:42:03][ARebelSoul] executed "ensure "Valor%20Westin%20Full%20Pack""
[01:47:42][ARebelSoul] executed "refresh"
[01:47:47][ARebelSoul] executed "ensure "sonoran-trafficcam""
[01:53:06][CBayless] executed "refresh"
[01:54:03][ARebelSoul] executed "RESTART SERVER"
[02:33:59][zap1193672] executed "refresh"
[02:34:01][zap1193672] executed "ensure "vMenu""
[03:13:20][zap1193672] executed "refresh"
[03:13:41][zap1193672] executed "ensure "sonoran-trafficcam""
[03:13:56][zap1193672] executed "RESTART SERVER"
[03:18:54][zap1193672] executed "refresh"
[03:18:57][zap1193672] executed "ensure "sonoran-trafficcam""
[03:24:12][ARebelSoul] executed "RESTART SERVER"
[03:27:13][zap1193672] executed "refresh"
[03:30:11][zap1193672] executed "RESTART SERVER"
[03:37:39][zap1193672] executed "refresh"
[03:37:45][zap1193672] executed "ensure "sonoran-trafficcam""
[03:38:14][zap1193672] executed "RESTART SERVER"
[03:55:06][zap1193672] executed "ensure "vMenu""
[00:49:33][CBayless] executed "refresh"
[00:50:25][CBayless] executed "refresh"
[00:50:29][CBayless] executed "ensure "DPS22tahoe""
[00:55:09][CBayless] executed "ensure "DPS22tahoe""
[00:55:50][CBayless] executed "refresh"
[00:55:54][CBayless] executed "ensure "DPS22tahoe""
[00:57:10][CBayless] executed "refresh"
[00:57:12][CBayless] executed "ensure "DPS22tahoe""
[00:59:25][CBayless] executed "refresh"
[00:59:28][CBayless] executed "ensure "DPS22tahoe""
[01:00:13][CBayless] executed "refresh"
[01:00:16][CBayless] executed "ensure "DPS22tahoe""
[01:01:13][CBayless] executed "refresh"
[01:01:16][CBayless] executed "ensure "DPS22tahoe""
[01:03:02][CBayless] executed "ensure "DPS22tahoe""
[01:03:42][CBayless] executed "ensure "DPS22tahoe""
[01:07:07][CBayless] executed "ensure "DPS22tahoe""
[01:13:42][CBayless] executed "refresh"
[01:13:46][CBayless] executed "ensure "phoenixtah6""
[01:13:52][CBayless] executed "ensure "mcsou1""
[03:51:27][ARebelSoul] logged in from 69.162.231.16 via password
[04:22:14][CBayless] executed "refresh"
[04:22:17][CBayless] executed "ensure "POLICEACADEMY""
[04:39:25][CBayless] executed "refresh"
[04:39:29][CBayless] executed "ensure "mrpd""
[04:46:51][CBayless] executed "refresh"
[04:46:54][CBayless] executed "ensure "DHSHeadquarter""
[05:06:51][CBayless] executed "refresh"
[05:06:55][CBayless] executed "ensure "fbitahoe""
[05:06:55][CBayless] executed "ensure "fbimalibu""
[05:06:55][CBayless] executed "ensure "fbidurango""
[05:51:38][ARebelSoul] executed "refresh"
[05:51:46][ARebelSoul] executed "refresh"
[05:51:49][ARebelSoul] executed "ensure "uj_marshal""
[05:58:29][ARebelSoul] executed "refresh"
[05:58:35][ARebelSoul] executed "ensure "uj_marshalLoader""
[05:58:35][ARebelSoul] executed "ensure "uj_marshal_ipl""
[06:23:54][CBayless] executed "refresh"
[06:24:01][CBayless] executed "ensure "DPS22tahoe""
[06:25:42][CBayless] executed "ensure "DPS22tahoe""
[06:30:50][CBayless] executed "ensure "DPS22tahoe""
[06:35:17][CBayless] executed "ensure "DPS22tahoe""
[06:37:03][CBayless] executed "ensure "DPS22tahoe""
[06:40:41][CBayless] executed "ensure "DPS22tahoe""
[06:44:33][CBayless] executed "ensure "DPS22tahoe""
[06:49:52][CBayless] executed "ensure "DPS22tahoe""
[06:50:42][CBayless] executed "ensure "DPS22tahoe""
[06:53:32][CBayless] executed "ensure "DPS22tahoe""
[06:54:18][CBayless] executed "ensure "DPS22tahoe""
[06:55:08][CBayless] executed "ensure "DPS22tahoe""
[06:57:13][CBayless] executed "ensure "DPS22tahoe""
[06:59:19][CBayless] executed "ensure "DPS22tahoe""
[07:01:28][CBayless] executed "ensure "DPS22tahoe""
[07:02:34][CBayless] executed "ensure "DPS22tahoe""
[07:04:15][CBayless] executed "ensure "DPS22tahoe""
[07:05:29][CBayless] executed "refresh"
[07:05:33][CBayless] executed "ensure "DPS22tahoe""
[07:08:57][CBayless] executed "ensure "DPS22tahoe""
[07:10:12][CBayless] executed "ensure "DPS22tahoe""
[07:11:47][CBayless] executed "ensure "DPS22tahoe""
[07:13:01][CBayless] executed "ensure "DPS22tahoe""
[07:15:18][CBayless] executed "ensure "DPS22tahoe""
[07:16:58][CBayless] executed "ensure "DPS22tahoe""
[07:17:47][CBayless] executed "ensure "DPS22tahoe""
[07:20:35][CBayless] executed "ensure "DPS22tahoe""
[07:23:57][CBayless] executed "ensure "DPS22tahoe""
[07:27:40][CBayless] executed "ensure "DPS22tahoe""
[07:30:01][CBayless] executed "ensure "DPS22tahoe""
[00:48:33][CBayless] executed "refresh"
[00:48:37][CBayless] executed "ensure "TEU""
[00:49:18][CBayless] executed "refresh"
[00:49:26][CBayless] executed "stop "lvc_fleet""
[00:49:35][CBayless] executed "ensure "ulc""
[00:52:31][CBayless] executed "RESTART SERVER"
[00:59:50][CBayless] executed "ensure "ulc""
[01:00:54][CBayless] executed "refresh"
[01:01:00][CBayless] executed "ensure "ulc""
[01:03:03][CBayless] executed "ensure "ulc""
[01:04:52][CBayless] executed "refresh"
[01:04:56][CBayless] executed "ensure "ulc""
[01:05:06][CBayless] executed "ensure "TEU""
[01:07:32][CBayless] executed "ensure "ulc""
[01:07:43][CBayless] executed "ensure "ulc""
[01:07:50][CBayless] executed "ensure "TEU""
[01:08:59][CBayless] executed "ensure "ulc""
[01:09:06][CBayless] executed "ensure "TEU""
[01:11:13][CBayless] executed "ensure "ulc""
[01:12:14][CBayless] executed "ensure "ulc""
[01:12:22][CBayless] executed "ensure "ulc""
[01:12:59][CBayless] executed "ensure "ulc""
[01:13:57][CBayless] executed "ensure "DPS22tahoe""
[01:14:03][CBayless] executed "ensure "ulc""
[01:14:17][CBayless] executed "RESTART SERVER"
[01:17:55][CBayless] executed "refresh"
[01:17:59][CBayless] executed "stop "ulc""
[01:18:02][CBayless] executed "ensure "lvc_fleet""
[01:18:35][CBayless] executed "ensure "vMenu""
[01:52:38][ARebelSoul] executed "refresh"
[01:52:52][ARebelSoul] executed "ensure "MCSO18TAHOE""
[01:53:26][ARebelSoul] logged in from 69.162.231.16 via password
[01:53:38][ARebelSoul] executed "ensure "MCSO18TAHOE""
[01:54:22][CBayless] executed "refresh"
[01:55:21][ARebelSoul] executed "refresh"
[01:55:28][ARebelSoul] executed "ensure "MCSO18TAHOE""
[01:56:30][CBayless] executed "ensure "MCSO18TAHOE""
[01:59:13][CBayless] executed "ensure "MCSO18TAHOE""
[02:00:56][CBayless] executed "ensure "MCSO18TAHOE""
[02:02:31][CBayless] executed "ensure "MCSO18TAHOE""
[02:04:13][CBayless] executed "ensure "MCSO18TAHOE""
[02:05:17][CBayless] executed "ensure "MCSO18TAHOE""
[02:08:51][CBayless] executed "ensure "MCSO18TAHOE""
[02:15:44][CBayless] executed "refresh"
[02:15:47][CBayless] executed "ensure "plate""
[02:17:57][CBayless] executed "ensure "plate""
[02:21:18][CBayless] executed "ensure "plate""
[02:22:10][CBayless] executed "ensure "plate""
[02:23:04][CBayless] executed "ensure "plate""
[02:23:56][CBayless] executed "refresh"
[02:23:59][CBayless] executed "ensure "plate""
[02:25:02][CBayless] executed "RESTART SERVER"
[02:28:18][ARebelSoul] executed "ensure "vMenu""
[02:29:44][CBayless] executed "ensure "plate""
[02:29:58][CBayless] executed "RESTART SERVER"
[02:35:50][CBayless] executed "ensure "plate""
[02:36:03][CBayless] executed "RESTART SERVER"
[02:40:53][CBayless] executed "RESTART SERVER"
[02:46:02][ARebelSoul] executed "stop "lvc_fleet""
[02:46:07][ARebelSoul] executed "stop "park-patterns""
[02:47:30][ARebelSoul] executed "ensure "lvc_fleet""
[02:49:35][ARebelSoul] executed "ensure "ulc""
[02:50:08][ARebelSoul] executed "ensure "ulc""
[02:50:19][ARebelSoul] executed "ensure "lvc_fleet""
[02:54:51][CBayless] executed "refresh"
[02:54:57][CBayless] executed "stop "plate""
[02:55:08][CBayless] executed "ensure "xnPlates""
[02:55:57][CBayless] executed "RESTART SERVER"
[03:03:50][ARebelSoul] executed "stop "ulc""
[03:09:35][CBayless] executed "RESTART SERVER"
[03:15:15][CBayless] executed "ensure "xnPlates""
[03:20:19][CBayless] executed "ensure "xnPlates""
[03:24:14][CBayless] executed "refresh"
[03:24:22][CBayless] executed "ensure "xnPlates""
[03:24:38][CBayless] executed "RESTART SERVER"
[03:30:43][CBayless] executed "refresh"
[03:31:20][CBayless] executed "refresh"
[03:31:23][CBayless] executed "ensure "dps23tahoesg""
[03:31:24][CBayless] executed "ensure "DPS20Explorer""
[03:37:05][CBayless] executed "ensure "dps23tahoesg""
[03:40:04][CBayless] executed "ensure "dps23tahoesg""
[03:40:27][ARebelSoul] executed "ensure "lvc_fleet""
[03:41:11][CBayless] executed "ensure "dps23tahoesg""
[03:45:10][ARebelSoul] executed "ensure "lvc_fleet""
[03:49:03][CBayless] executed "ensure "dps23tahoesg""
[03:50:53][CBayless] executed "ensure "dps23tahoesg""
[03:51:01][CBayless] executed "ensure "dps23tahoesg""
[03:52:33][CBayless] executed "ensure "dps23tahoesg""
[03:54:11][CBayless] executed "ensure "dps23tahoesg""
[03:54:58][CBayless] executed "ensure "dps23tahoesg""
[03:57:33][CBayless] executed "ensure "DPS22tahoe""
[04:08:04][CBayless] executed "ensure "xnPlates""
[04:35:37][CBayless] executed "ensure "park-patterns""
[04:37:42][CBayless] executed "ensure "park-patterns""
[04:38:22][CBayless] executed "ensure "park-patterns""
[04:38:33][CBayless] executed "ensure "park-patterns""
[04:41:10][CBayless] executed "ensure "park-patterns""
[04:42:22][CBayless] executed "ensure "park-patterns""
[04:42:31][CBayless] executed "ensure "park-patterns""
[04:43:29][CBayless] executed "ensure "park-patterns""
[04:49:03][CBayless] executed "ensure "TEU""
[04:50:52][CBayless] executed "stop "ulc""
[04:53:22][CBayless] executed "ensure "TEU""
[05:20:29][GShepGames] executed "ensure "lvc_fleet""
[05:23:11][GShepGames] executed "ensure "lvc_fleet""
[05:27:34][GShepGames] executed "ensure "lvc_fleet""
[05:51:52][ARebelSoul] executed "refresh"
[05:51:59][ARebelSoul] executed "ensure "cfx-gabz-davispd""
[05:51:59][ARebelSoul] executed "ensure "cfx-gabz-mapdata""
[05:52:12][MONITOR] Restarting server (server close detected).
[05:52:33][ARebelSoul] executed "refresh"
[05:52:51][ARebelSoul] executed "refresh"
[05:54:41][ARebelSoul] executed "refresh"
[05:57:14][CBayless] executed "ensure "cfx-gabz-pdprops""
[05:57:29][MONITOR] Restarting server (server close detected).
[05:57:48][ARebelSoul] executed "ensure "cfx-gabz-davispd""
[05:57:59][ARebelSoul] executed "RESTART SERVER"
[06:03:20][CBayless] executed "refresh"
[06:03:26][CBayless] executed "ensure "walmart""
[06:03:32][CBayless] executed "ensure "cfx-gabz-davispd""
[06:03:32][CBayless] executed "ensure "cfx-gabz-mapdata""
[06:03:46][MONITOR] Restarting server (server close detected).
