
================================================================
======== txAdmin v7.0.0 atop fxserver 7752 Starting - 27.3.2024, 16:10:40
================================================================

================================================================
======== txAdmin v7.0.0 atop fxserver 7752 Starting - 27.3.2024, 16:16:45
================================================================
[16:19:46][zap1193672] logged in from 69.162.231.16 via password
[16:20:29][zap1193672] Changing global settings via setup stepper and started Deployer.
[16:20:37][zap1193672] Setting recipe.
[16:20:43][zap1193672] Running recipe.
[16:20:49][zap1193672] Completed and committed server deploy.
[16:21:46][zap1193672] executed "RESTART SERVER"
[16:24:05][zap1193672] Adding admin 'ARebelSoul'.
[16:26:26][ARebelSoul] Added e4e054b7af74487e222361e0801dafdfdee7d7bc to the whitelist.
[16:26:33][ARebelSoul] Set notes for e4e054b7af74487e222361e0801dafdfdee7d7bc
[16:28:40][ARebelSoul] Sending announcement: test
[16:30:05][ARebelSoul] Changing own password.
[16:30:14][ARebelSoul] Changing own identifiers.
[16:53:46][zap1193672] executed "refresh"
[16:53:48][zap1193672] executed "refresh"
[16:53:49][zap1193672] executed "refresh"
[16:53:49][zap1193672] executed "refresh"
[16:53:50][zap1193672] executed "refresh"
[16:53:53][zap1193672] executed "RESTART SERVER"
[16:54:05][zap1193672] executed "refresh"
[16:54:07][zap1193672] executed "refresh"
[16:54:17][zap1193672] executed "refresh"
[16:54:24][zap1193672] executed "RESTART SERVER"
[16:54:34][zap1193672] Sending announcement: Server Restart
[16:54:43][zap1193672] executed "refresh"
[16:54:46][zap1193672] executed "refresh"
[16:55:27][zap1193672] executed "refresh"
[16:55:27][zap1193672] executed "refresh"
[16:55:28][zap1193672] executed "refresh"
[16:57:56][zap1193672] executed "refresh"
[17:05:02][zap1193672] executed "refresh"
[17:05:11][zap1193672] executed "RESTART SERVER"
[18:35:43][zap1193672] Sending announcement: RESTART
[18:35:50][zap1193672] executed "RESTART SERVER"
[18:56:06][ARebelSoul] Added cd2a34df2895549815ab458d493b3de41c6acc99 to the whitelist.
[19:10:24][zap1193672] Adding admin 'GShepGames'.
[19:11:35][GShepGames] Warned player [1] ARebelSoul: Bozo
[19:12:15][zap1193672] Adding admin 'CBayless'.
[19:12:35][GShepGames] Sending announcement: Fuck you
[19:13:53][ARebelSoul] DM to #ARebelSoul: test
[19:14:01][ARebelSoul] Warned player [1] ARebelSoul: test
[19:14:22][ARebelSoul] DM to #GShep Games: test
[19:14:26][ARebelSoul] Warned player [2] GShep Games: test
[19:14:58][GShepGames] Kicked #ARebelSoul: Fuck you
[19:16:22][ARebelSoul] Sending announcement: test
[19:16:48][ARebelSoul] Revoked warn id WMJR-2AMP from GShep Games
[19:17:05][ARebelSoul] Set notes for cd2a34df2895549815ab458d493b3de41c6acc99
[19:17:54][ARebelSoul] Sending announcement: test
[19:18:55][GShepGames] Changing own password.
[19:19:51][ARebelSoul] Revoked warn id WTM1-QUQ6 from ARebelSoul
[19:19:52][ARebelSoul] Revoked warn id W1T6-HBW4 from ARebelSoul
[19:28:38][GShepGames] executed "start [Vehicles]"
[19:29:09][GShepGames] executed "start vehicles"
[19:29:16][GShepGames] executed "start Vehicles"
[19:29:58][GShepGames] executed "start Vehicles"
[19:30:28][GShepGames] executed "refresh"
[19:32:28][GShepGames] executed "refresh"
[19:34:42][GShepGames] executed "refresh"
[19:35:29][GShepGames] executed "refresh"
[19:35:32][GShepGames] executed "refresh"
[19:35:33][GShepGames] executed "refresh"
[19:35:33][GShepGames] executed "refresh"
[19:35:33][GShepGames] executed "refresh"
[19:36:25][GShepGames] executed "refresh"
[19:36:31][zap1193672] Changing discordBot settings.
[19:36:39][zap1193672] Changing discordBot settings.
[19:36:45][GShepGames] executed "refresh"
[19:36:47][zap1193672] Changing discordBot settings.
[19:36:50][GShepGames] executed "refresh"
[19:37:30][zap1193672] Changing discordBot settings.
[19:38:09][zap1193672] Changing discordBot settings.
[19:38:46][GShepGames] executed "refresh"
[19:38:55][zap1193672] Changing discordBot settings.
[19:38:56][GShepGames] executed "refresh"
[19:40:10][zap1193672] Changing discordBot settings.
[19:41:28][GShepGames] executed "refresh"
[19:42:59][zap1193672] Changing discordBot settings.
[19:44:25][GShepGames] executed "refresh"
[19:44:47][zap1193672] Changing discordBot settings.
[19:45:12][zap1193672] Changing discordBot settings.
[19:45:15][GShepGames] executed "start Vehicles"
[19:45:32][GShepGames] executed "start resources"
[19:45:49][GShepGames] executed "refresh"
[19:48:24][GShepGames] executed "refresh"
[19:49:06][GShepGames] executed "refresh"
[19:50:28][GShepGames] executed "refresh"
[19:50:52][zap1193672] Changing discordBot settings.
[19:50:55][GShepGames] executed "start [Vehicles]"
[19:50:59][zap1193672] Changing discordBot settings.
[19:51:06][zap1193672] Changing discordBot settings.
[19:53:14][GShepGames] executed "refresh"
[19:54:26][GShepGames] executed "refresh"
[19:55:12][GShepGames] executed "refresh"
[19:55:49][CBayless] Changing own password.
[19:55:55][GShepGames] executed "refresh"
[19:56:16][CBayless] Changing own identifiers.
[19:56:23][CBayless] executed "refresh"
[19:56:28][GShepGames] executed "refresh"
[19:56:46][CBayless] executed "start vehicles"
[19:57:23][GShepGames] executed "refresh"

================================================================
======== txAdmin v7.0.0 atop fxserver 7752 Starting - 27.3.2024, 20:00:34
================================================================
[20:01:47][ARebelSoul] logged in from 69.162.231.16 via password
[20:01:55][ARebelSoul] Changing discordBot settings.
[20:02:04][ARebelSoul] Changing discordBot settings.
[20:02:06][CBayless] executed "refresh"
[20:02:08][ARebelSoul] Changing discordBot settings.
[20:02:17][ARebelSoul] Changing discordBot settings.
[20:02:27][ARebelSoul] Changing discordBot settings.
[20:02:30][ARebelSoul] Changing discordBot settings.
[20:03:00][ARebelSoul] Changing discordBot settings.
[20:03:14][GShepGames] executed "refresh"
[20:03:23][CBayless] executed "refresh"
[20:03:35][CBayless] executed "start vehicles"
[20:03:42][CBayless] executed "refresh"
[20:04:20][ARebelSoul] Changing discordBot settings.
[20:05:03][CBayless] executed "refresh"
[20:05:47][ARebelSoul] Changing discordBot settings.
[20:05:49][ARebelSoul] Changing discordBot settings.
[20:07:43][CBayless] executed "refresh"
[20:08:39][CBayless] executed "refresh"
[20:08:50][ARebelSoul] Changing discordBot settings.
[20:10:14][GShepGames] executed "refresh"
[20:10:46][ARebelSoul] executed "ensure "STATE""
[20:10:49][CBayless] executed "refresh"
[20:10:59][ARebelSoul] Changing discordBot settings.
[20:11:22][CBayless] executed "start STATE"
[20:11:28][CBayless] executed "ensure "STATE""
[20:11:47][GShepGames] executed "refresh"
[20:11:51][GShepGames] executed "refresh"
[20:12:05][ARebelSoul] executed "start STATE"
[20:14:33][ARebelSoul] executed "ensure "STATE""
[20:15:48][ARebelSoul] executed "refresh"
[20:15:50][ARebelSoul] executed "refresh"
[20:15:51][ARebelSoul] executed "refresh"
[20:15:51][ARebelSoul] executed "refresh"
[20:15:58][GShepGames] executed "refresh"
[20:16:12][GShepGames] executed "refresh"
[20:16:23][GShepGames] executed "refresh"
[20:16:30][GShepGames] executed "refresh"
[20:16:32][GShepGames] executed "refresh"
[20:16:32][GShepGames] executed "refresh"
[20:16:32][GShepGames] executed "refresh"
[20:16:32][GShepGames] executed "refresh"
[20:16:54][ARebelSoul] executed "refresh"
[20:16:56][ARebelSoul] executed "refresh"
[20:16:58][ARebelSoul] executed "refresh"
[20:16:59][ARebelSoul] executed "refresh"
[20:17:00][ARebelSoul] executed "refresh"
[20:17:02][ARebelSoul] executed "refresh"
[20:17:04][GShepGames] executed "refresh"

================================================================
======== txAdmin v7.0.0 atop fxserver 7752 Starting - 27.3.2024, 20:18:10
================================================================
[20:24:09][CBayless] executed "ensure "STATE""
[20:27:05][CBayless] executed "ensure "STATE""

================================================================
======== txAdmin v7.0.0 atop fxserver 7752 Starting - 27.3.2024, 20:28:33
================================================================
[20:44:15][ARebelSoul] logged in from 69.162.231.16 via password
[20:44:22][ARebelSoul] executed "STOP SERVER"
[20:44:23][ARebelSoul] executed "refresh"
[20:47:36][ARebelSoul] executed "START SERVER"
[20:47:37][ARebelSoul] executed "refresh"
[20:47:43][ARebelSoul] executed "refresh"
[20:50:13][CBayless] executed "refresh"
[20:50:15][CBayless] executed "ensure "STATE""

================================================================
======== txAdmin v7.0.0 atop fxserver 7752 Starting - 27.3.2024, 21:00:48
================================================================
[21:00:56][ARebelSoul] logged in from 69.162.231.16 via password
[21:04:26][ARebelSoul] executed "ensure "vMenu""
[21:10:27][CBayless] DM to #ARebelSoul: hi
[21:32:28][CBayless] executed "ensure "STATE""
[21:42:38][ARebelSoul] executed "refresh"
[21:56:21][ARebelSoul] executed "refresh"
[21:56:26][ARebelSoul] executed "refresh"
[21:57:37][ARebelSoul] executed "RESTART SERVER"
[21:58:11][ARebelSoul] executed "RESTART SERVER"
[22:01:17][CBayless] executed "ensure "STATE""
[22:32:53][ARebelSoul] DM to #C. Bayless: Nice work
[22:33:10][ARebelSoul] Sending announcement: Did you see this?
[22:33:25][ARebelSoul] Warned player [3] C. Bayless: What about this?
[22:33:29][ARebelSoul] Added 45337f83c46ab97f4302aa4b204e155d3dfafc3d to the whitelist.
[22:33:43][ARebelSoul] Revoked warn id WNTX-YKF1 from C. Bayless
[22:33:53][ARebelSoul] Set notes for 45337f83c46ab97f4302aa4b204e155d3dfafc3d
[22:36:17][ARebelSoul] executed "refresh"
[22:39:22][ARebelSoul] executed "refresh"
[22:39:28][ARebelSoul] executed "ensure "bd_loadingscreen""
[22:39:29][ARebelSoul] executed "refresh"
[22:46:41][ARebelSoul] executed "ensure "bd_loadingscreen""
[22:48:25][ARebelSoul] executed "ensure "bd_loadingscreen""
[23:07:29][ARebelSoul] executed "ensure "bd_loadingscreen""
[23:13:40][ARebelSoul] executed "ensure "bd_loadingscreen""
[23:20:21][ARebelSoul] executed "ensure "bd_loadingscreen""
[23:22:13][ARebelSoul] executed "ensure "bd_loadingscreen""
[23:32:44][ARebelSoul] executed "ensure "bd_loadingscreen""
[23:39:57][ARebelSoul] executed "ensure "bd_loadingscreen""
[23:42:12][ARebelSoul] executed "ensure "bd_loadingscreen""
[01:19:37][ARebelSoul] logged in from 71.214.134.10 via password
[02:42:25][ARebelSoul] Adding admin 'BLACKBURN_01'.
[02:43:02][BLACKBURN_01] logged in from 71.214.134.10 via cfxre
[02:43:17][BLACKBURN_01] Changing own password.
[02:44:01][BLACKBURN_01] Changing own identifiers.
[02:49:32][BLACKBURN_01] Changing discordBot settings.
[02:49:48][BLACKBURN_01] Changing discordBot settings.

================================================================
======== txAdmin v7.0.0 atop fxserver 7765 Starting - 28.3.2024, 08:01:03
================================================================
[08:02:04][MONITOR] Restarting server (server close detected).

================================================================
======== txAdmin v7.0.0 atop fxserver 7765 Starting - 28.3.2024, 14:00:52
================================================================
[15:00:57][ARebelSoul] logged in from 69.162.231.16 via password
[15:08:04][ARebelSoul] executed "ensure "bd_loadingscreen""
[15:08:05][ARebelSoul] executed "ensure "bd_loadingscreen""
[15:35:39][ARebelSoul] executed "refresh"
[15:35:42][ARebelSoul] executed "refresh"
[15:35:43][ARebelSoul] executed "ensure "vMenu""
[15:36:23][ARebelSoul] executed "refresh"
[15:36:24][ARebelSoul] executed "refresh"
[15:36:26][ARebelSoul] executed "refresh"
[15:36:28][ARebelSoul] executed "RESTART SERVER"
[15:36:42][ARebelSoul] executed "refresh"
[15:36:45][ARebelSoul] executed "ensure "vMenu""
[15:37:16][ARebelSoul] executed "RESTART SERVER"
[15:37:25][ARebelSoul] executed "refresh"
[15:37:26][ARebelSoul] executed "refresh"
[15:37:27][ARebelSoul] executed "refresh"
[15:37:27][ARebelSoul] executed "refresh"
[15:37:28][ARebelSoul] executed "refresh"
[15:37:29][ARebelSoul] executed "refresh"
[15:37:30][ARebelSoul] executed "refresh"
[15:37:30][ARebelSoul] executed "refresh"
[15:37:31][ARebelSoul] executed "refresh"
[15:38:00][ARebelSoul] executed "refresh"
[15:38:03][ARebelSoul] executed "RESTART SERVER"
[15:38:12][ARebelSoul] executed "refresh"
[15:38:13][ARebelSoul] executed "refresh"
[15:38:14][ARebelSoul] executed "ensure "bd_loadingscreen""
[15:38:15][ARebelSoul] executed "refresh"
[15:38:16][ARebelSoul] executed "refresh"
[15:38:18][ARebelSoul] executed "RESTART SERVER"
[15:38:28][ARebelSoul] executed "refresh"
[15:39:37][ARebelSoul] executed "ensure "bd_loadingscreen""
[15:39:40][ARebelSoul] executed "refresh"
[15:39:42][ARebelSoul] executed "RESTART SERVER"
[15:39:52][ARebelSoul] executed "refresh"
[15:40:56][ARebelSoul] executed "refresh"
[15:41:00][ARebelSoul] executed "RESTART SERVER"
[15:41:08][ARebelSoul] executed "refresh"
[15:41:13][ARebelSoul] executed "refresh"
[15:41:17][ARebelSoul] executed "ensure "bd_loadingscreen""
[15:47:08][ARebelSoul] executed "ensure "bd_loadingscreen""
[15:49:10][ARebelSoul] executed "refresh"
[15:50:49][ARebelSoul] executed "RESTART SERVER"
[15:50:57][ARebelSoul] executed "refresh"
[15:50:59][ARebelSoul] executed "refresh"
[15:51:00][ARebelSoul] executed "refresh"
[15:51:01][ARebelSoul] executed "refresh"
[15:51:02][ARebelSoul] executed "refresh"
[15:52:13][ARebelSoul] executed "RESTART SERVER"
[15:52:23][ARebelSoul] executed "refresh"
[18:48:36][ARebelSoul] executed "refresh"
[18:48:38][ARebelSoul] executed "ensure "vMenu""
[18:48:47][ARebelSoul] executed "RESTART SERVER"
[18:49:01][ARebelSoul] executed "refresh"
[18:51:11][ARebelSoul] executed "RESTART SERVER"
[18:51:37][ARebelSoul] Scheduling server restart at 23:30
[18:51:53][ARebelSoul] Cancelling next scheduled restart.
[18:51:58][ARebelSoul] executed "refresh"
[18:54:52][ARebelSoul] executed "RESTART SERVER"
[18:55:02][ARebelSoul] executed "refresh"
[19:16:59][ARebelSoul] executed "RESTART SERVER"
[19:17:54][ARebelSoul] executed "refresh"
[19:19:36][ARebelSoul] executed "RESTART SERVER"
[19:19:46][ARebelSoul] executed "refresh"
[19:19:50][ARebelSoul] executed "refresh"
[19:21:42][ARebelSoul] executed "RESTART SERVER"
[19:21:51][ARebelSoul] executed "refresh"
[19:24:01][ARebelSoul] executed "RESTART SERVER"
[19:54:54][ARebelSoul] executed "RESTART SERVER"
[19:55:02][ARebelSoul] executed "refresh"
[20:07:16][ARebelSoul] executed "RESTART SERVER"
[20:38:07][ARebelSoul] executed "RESTART SERVER"
[20:38:29][ARebelSoul] executed "refresh"
[20:38:37][ARebelSoul] executed "RESTART SERVER"
[20:48:06][ARebelSoul] executed "RESTART SERVER"
[20:48:30][ARebelSoul] executed "refresh"
[20:48:38][ARebelSoul] executed "RESTART SERVER"
[20:48:48][ARebelSoul] executed "STOP SERVER"
[20:48:55][ARebelSoul] executed "START SERVER"
[20:49:01][ARebelSoul] executed "refresh"
[20:57:53][ARebelSoul] executed "RESTART SERVER"

================================================================
======== txAdmin v7.0.0 atop fxserver 7783 Starting - 28.3.2024, 21:01:37
================================================================
[21:02:02][ARebelSoul] logged in from 69.162.231.16 via password
[21:06:38][ARebelSoul] executed "ensure "vMenu""
[21:06:43][ARebelSoul] executed "RESTART SERVER"
[21:19:32][ARebelSoul] executed "refresh"
[21:19:36][ARebelSoul] executed "RESTART SERVER"
[21:27:08][ARebelSoul] Sending announcement: test
[21:27:24][ARebelSoul] Scheduling server restart at +5
[21:27:45][ARebelSoul] Cancelling next scheduled restart.
[21:28:49][ARebelSoul] Scheduling server restart at 12:00
[05:03:54][BLACKBURN_01] logged in from 71.214.134.10 via cfxre
[05:13:43][BLACKBURN_01] Changing discordBot settings.
[05:15:47][BLACKBURN_01] Changing discordBot settings.
[05:16:12][BLACKBURN_01] Status embed saved.

================================================================
======== txAdmin v7.0.0 atop fxserver 7783 Starting - 29.3.2024, 08:00:57
================================================================

================================================================
======== txAdmin v7.0.0 atop fxserver 7783 Starting - 29.3.2024, 14:00:53
================================================================
[14:41:43][BLACKBURN_01] logged in from 71.214.134.10 via cfxre
[14:42:37][BLACKBURN_01] Changing discordBot settings.
[14:44:37][BLACKBURN_01] Changing discordBot settings.
[14:45:10][BLACKBURN_01] Changing discordBot settings.
[14:45:38][BLACKBURN_01] Changing discordBot settings.
[14:48:04][BLACKBURN_01] Changing discordBot settings.
[14:48:26][BLACKBURN_01] Changing discordBot settings.
[14:49:35][BLACKBURN_01] Status embed saved.
[15:09:46][BLACKBURN_01] Changing discordBot settings.
[15:18:15][ARebelSoul] logged in from 69.162.231.16 via password
[15:18:39][ARebelSoul] executed "refresh"
[15:19:04][ARebelSoul] executed "refresh"
[15:23:21][ARebelSoul] executed "refresh"
[15:23:23][ARebelSoul] executed "refresh"
[15:23:26][ARebelSoul] executed "RESTART SERVER"
[15:23:36][ARebelSoul] executed "refresh"
[15:26:05][ARebelSoul] executed "refresh"
[15:26:06][ARebelSoul] executed "refresh"
[15:26:06][ARebelSoul] executed "refresh"
[15:26:07][ARebelSoul] executed "refresh"
[15:26:08][ARebelSoul] executed "refresh"
[15:26:08][ARebelSoul] executed "refresh"
[15:26:09][ARebelSoul] executed "refresh"
[15:26:10][ARebelSoul] executed "refresh"
[15:26:10][ARebelSoul] executed "refresh"
[15:26:11][ARebelSoul] executed "refresh"
[15:28:21][BLACKBURN_01] Changing discordBot settings.
[15:28:41][BLACKBURN_01] Old status embed removed.
[15:29:03][ARebelSoul] executed "refresh"
[15:29:05][ARebelSoul] executed "refresh"
[15:29:05][ARebelSoul] executed "refresh"
[15:29:07][BLACKBURN_01] Status embed saved.
[15:29:07][ARebelSoul] executed "RESTART SERVER"
[15:29:15][ARebelSoul] executed "refresh"
[15:29:20][ARebelSoul] Sending announcement: test
[15:29:28][ARebelSoul] executed "refresh"
[15:29:53][ARebelSoul] executed "RESTART SERVER"
[15:30:06][ARebelSoul] Sending announcement: test
[15:31:38][BLACKBURN_01] Scheduling server restart at 00:00
[15:32:04][BLACKBURN_01] Cancelling next scheduled restart.
[15:34:30][ARebelSoul] executed "refresh"
[15:34:32][ARebelSoul] executed "refresh"
[15:34:33][ARebelSoul] executed "refresh"
[15:34:34][ARebelSoul] executed "refresh"
[15:34:50][ARebelSoul] executed "refresh"
[15:34:52][ARebelSoul] executed "refresh"
[15:34:52][ARebelSoul] executed "refresh"
[15:34:52][ARebelSoul] executed "refresh"
[15:34:55][ARebelSoul] executed "RESTART SERVER"
[15:35:11][ARebelSoul] executed "refresh"
[15:39:25][ARebelSoul] executed "refresh"
[15:39:26][ARebelSoul] executed "refresh"
[15:39:28][ARebelSoul] executed "refresh"
[15:39:28][ARebelSoul] executed "refresh"
[15:39:29][ARebelSoul] executed "refresh"
[15:39:30][ARebelSoul] executed "refresh"
[15:41:55][ARebelSoul] executed "refresh"
[15:41:56][ARebelSoul] executed "refresh"
[15:41:57][ARebelSoul] executed "refresh"
[15:41:58][ARebelSoul] executed "refresh"
[15:41:58][ARebelSoul] executed "refresh"
[15:42:55][ARebelSoul] executed "refresh"
[15:42:56][ARebelSoul] executed "refresh"
[15:42:57][ARebelSoul] executed "refresh"
[15:42:57][ARebelSoul] executed "refresh"
[15:42:58][ARebelSoul] executed "refresh"
[15:42:59][ARebelSoul] executed "refresh"
[15:42:59][ARebelSoul] executed "refresh"
[15:43:00][ARebelSoul] executed "refresh"
[15:43:00][ARebelSoul] executed "refresh"
[15:43:01][ARebelSoul] executed "refresh"
[15:43:03][ARebelSoul] executed "refresh"
[15:43:03][ARebelSoul] executed "refresh"
[15:43:04][ARebelSoul] executed "refresh"
[15:43:05][ARebelSoul] executed "refresh"
[15:43:05][ARebelSoul] executed "refresh"
[15:43:06][ARebelSoul] executed "refresh"
[15:43:06][ARebelSoul] executed "refresh"
[15:43:07][ARebelSoul] executed "refresh"
[16:28:11][ARebelSoul] executed "ensure "vMenu""
[16:34:09][ARebelSoul] executed "ensure "vMenu""
[18:56:00][ARebelSoul] executed "refresh"
[18:57:19][ARebelSoul] Changing monitor settings.
[18:58:32][ARebelSoul] Changing monitor settings.
[18:59:40][ARebelSoul] Changing monitor settings.
[19:00:01][ARebelSoul] Changing monitor settings.
[20:29:50][ARebelSoul] executed "refresh"
[20:29:54][ARebelSoul] executed "ensure "2018Torrence""
[20:35:48][ARebelSoul] executed "ensure "2018Torrence""
[20:42:34][ARebelSoul] executed "refresh"
[20:48:32][ARebelSoul] executed "refresh"
[20:48:36][ARebelSoul] executed "refresh"
[20:48:38][ARebelSoul] executed "ensure "2020ScoutBB""
[20:52:26][ARebelSoul] executed "refresh"
[20:52:34][ARebelSoul] executed "ensure "2018BuffaloSTX""
[20:54:17][ARebelSoul] executed "refresh"
[20:54:19][ARebelSoul] executed "ensure "2020AlamoBB""
[20:58:21][ARebelSoul] executed "refresh"
[20:58:26][ARebelSoul] executed "ensure "2024SandmasterBB""

================================================================
======== txAdmin v7.0.0 atop fxserver 7783 Starting - 29.3.2024, 21:00:57
================================================================
[21:01:05][ARebelSoul] logged in from 69.162.231.16 via password
[21:02:24][ARebelSoul] executed "RESTART SERVER"
[21:03:27][ARebelSoul] executed "RESTART SERVER"
[21:04:55][ARebelSoul] executed "RESTART SERVER"
[21:05:04][ARebelSoul] executed "refresh"
[21:06:37][ARebelSoul] executed "refresh"
[21:06:38][ARebelSoul] executed "refresh"
[21:06:40][ARebelSoul] executed "RESTART SERVER"
[21:06:49][ARebelSoul] executed "refresh"
[21:08:23][ARebelSoul] executed "refresh"
[21:08:24][ARebelSoul] executed "ensure "2011StanierBB""
[21:10:25][ARebelSoul] executed "refresh"
[21:10:26][ARebelSoul] executed "ensure "2024TerminusBB""
[21:14:13][ARebelSoul] executed "refresh"
[21:14:16][ARebelSoul] executed "ensure "2018TorrenceRB""
[21:17:34][ARebelSoul] executed "refresh"
[21:17:36][ARebelSoul] executed "ensure "2011StanierRB""
[21:17:37][ARebelSoul] executed "ensure "2018BuffaloSTXRB""
[21:17:38][ARebelSoul] executed "ensure "2020AlamoRB""
[21:17:38][ARebelSoul] executed "ensure "2020ScoutRB""
[21:17:39][ARebelSoul] executed "ensure "2024SandmasterRB""
[21:17:40][ARebelSoul] executed "ensure "2024TerminusRB""
[21:17:40][ARebelSoul] executed "refresh"
[21:31:25][CBayless] executed "refresh"
[21:31:29][CBayless] executed "ensure "Fuel""

================================================================
======== txAdmin v7.0.0 atop fxserver 7783 Starting - 29.3.2024, 21:35:06
================================================================
[21:38:28][ARebelSoul] logged in from 69.162.231.16 via password
[21:38:34][ARebelSoul] executed "ensure "2011StanierRB""
[21:38:34][ARebelSoul] executed "ensure "2018BuffaloSTXRB""
[21:38:35][ARebelSoul] executed "ensure "2018TorrenceRB""
[21:38:36][ARebelSoul] executed "ensure "2020AlamoRB""
[21:38:36][ARebelSoul] executed "ensure "2020ScoutRB""
[21:38:37][ARebelSoul] executed "ensure "2024SandmasterRB""
[21:46:59][ARebelSoul] executed "refresh"
[21:56:38][ARebelSoul] executed "refresh"
[21:56:40][ARebelSoul] executed "ensure "LegacyFuel""
[21:57:44][CBayless] executed "ensure "map""
[22:01:50][CBayless] executed "ensure "map""
[22:01:57][ARebelSoul] executed "refresh"
[22:02:01][ARebelSoul] executed "refresh"
[22:02:02][ARebelSoul] executed "refresh"
[22:02:07][ARebelSoul] Sending announcement: restart
[22:02:14][ARebelSoul] executed "txaKickAll "restar""
[22:02:17][ARebelSoul] executed "RESTART SERVER"
[22:04:08][ARebelSoul] executed "refresh"
[22:04:31][ARebelSoul] executed "refresh"
[22:04:33][ARebelSoul] executed "refresh"
[22:04:35][ARebelSoul] executed "refresh"
[22:04:37][ARebelSoul] executed "refresh"
[22:07:08][CBayless] executed "refresh"
[22:07:10][CBayless] executed "ensure "nearestpostal""
[22:09:27][CBayless] executed "refresh"
[22:09:30][CBayless] executed "ensure "streetlabel""
[22:11:58][CBayless] executed "ensure "nearestpostal""
[22:12:14][CBayless] executed "ensure "nearestpostal""
[22:13:02][CBayless] executed "ensure "nearestpostal""
[22:13:41][CBayless] executed "ensure "nearestpostal""
[22:14:06][CBayless] executed "ensure "nearestpostal""
[22:14:39][CBayless] executed "ensure "nearestpostal""

================================================================
======== txAdmin v7.0.0 atop fxserver 7783 Starting - 29.3.2024, 22:15:49
================================================================
[22:16:04][ARebelSoul] logged in from 69.162.231.16 via password
[22:16:53][ARebelSoul] executed "refresh"
[22:19:26][CBayless] executed "ensure "nearestpostal""
[22:19:47][CBayless] executed "ensure "nearestpostal""
[22:20:08][CBayless] executed "ensure "nearestpostal""
[22:31:54][CBayless] executed "ensure "LegacyFuel""
[22:40:30][ARebelSoul] executed "refresh"
[22:41:03][CBayless] executed "ensure "rpchat""
[22:42:48][ARebelSoul] DM to #C. Bayless: WATCH YOUR MOUTH
[22:46:16][CBayless] executed "refresh"
[22:46:19][CBayless] executed "ensure "seatbelt""
[22:50:12][CBayless] executed "ensure "vMenu""

================================================================
======== txAdmin v7.0.0 atop fxserver 7783 Starting - 29.3.2024, 22:52:35
================================================================
[22:52:49][ARebelSoul] logged in from 69.162.231.16 via password
[22:59:44][CBayless] executed "ensure "seatbelt""
[23:18:52][CBayless] executed "ensure "LegacyFuel""
[23:19:53][CBayless] executed "ensure "LegacyFuel""
[23:21:12][CBayless] executed "refresh"
[23:21:14][CBayless] executed "ensure "death""
[23:21:39][CBayless] executed "RESTART SERVER"

================================================================
======== txAdmin v7.0.0 atop fxserver 7783 Starting - 29.3.2024, 23:24:03
================================================================
[23:28:21][CBayless] executed "refresh"
[23:28:23][CBayless] executed "ensure "PvP""
[23:28:36][ARebelSoul] logged in from 69.162.231.16 via password
[23:48:57][CBayless] executed "refresh"
[23:48:59][CBayless] executed "ensure "PvP""
[23:51:59][CBayless] executed "ensure "death""
[23:54:53][CBayless] executed "ensure "death""
[23:55:18][CBayless] executed "ensure "death""
[23:57:23][CBayless] DM to #ARebelSoul: hey god mode doesnt work
[00:03:01][ARebelSoul] DM to #C. Bayless: Test
[04:07:52][GShepGames] executed "refresh"
[04:07:54][CBayless] executed "refresh"
[04:08:01][CBayless] executed "refresh"
[04:08:54][GShepGames] executed "refresh"
[04:08:59][GShepGames] executed "ensure "bfdsuv""
[04:09:03][GShepGames] executed "refresh"
[04:14:34][CBayless] executed "refresh"
[04:14:37][CBayless] executed "ensure "radar""
[04:31:19][GShepGames] executed "refresh"
[04:43:26][GShepGames] executed "refresh"
[04:43:36][GShepGames] executed "ensure "Vapid_Type3""
[04:43:41][GShepGames] executed "ensure "Ladder_Rigs""
[04:43:44][GShepGames] executed "refresh"
[04:46:17][CBayless] executed "refresh"
[04:46:21][CBayless] executed "ensure "UMBUF""
[05:00:11][SCHEDULER] Restarting server (scheduled restart at 05:00).

================================================================
======== txAdmin v7.0.0 atop fxserver 7791 Starting - 30.3.2024, 08:01:51
================================================================
[12:00:55][SCHEDULER] Restarting server (scheduled restart at 12:00).

================================================================
======== txAdmin v7.0.0 atop fxserver 7791 Starting - 30.3.2024, 14:00:55
================================================================
[18:00:22][GShepGames] executed "refresh"

================================================================
======== txAdmin v7.0.0 atop fxserver 7791 Starting - 30.3.2024, 21:01:31
================================================================
[05:00:41][SCHEDULER] Restarting server (scheduled restart at 05:00).

================================================================
======== txAdmin v7.0.0 atop fxserver 7791 Starting - 31.3.2024, 08:01:42
================================================================
[12:00:47][SCHEDULER] Restarting server (scheduled restart at 12:00).

================================================================
======== txAdmin v7.0.0 atop fxserver 7791 Starting - 31.3.2024, 14:00:56
================================================================

================================================================
======== txAdmin v7.0.0 atop fxserver 7791 Starting - 31.3.2024, 21:01:01
================================================================
[05:00:10][SCHEDULER] Restarting server (scheduled restart at 05:00).
[06:08:29][CBayless] executed "ensure "radar""
[06:09:41][CBayless] executed "stop "radar""
[06:09:46][CBayless] executed "ensure "radar""

================================================================
======== txAdmin v7.0.0 atop fxserver 7791 Starting - 1.4.2024, 08:01:48
================================================================
[12:00:55][SCHEDULER] Restarting server (scheduled restart at 12:00).

================================================================
======== txAdmin v7.0.0 atop fxserver 7791 Starting - 1.4.2024, 14:00:59
================================================================

================================================================
======== txAdmin v7.0.0 atop fxserver 7791 Starting - 1.4.2024, 21:01:35
================================================================
[05:00:51][SCHEDULER] Restarting server (scheduled restart at 05:00).

================================================================
======== txAdmin v7.0.0 atop fxserver 7811 Starting - 2.4.2024, 08:01:58
================================================================
[12:00:01][SCHEDULER] Restarting server (scheduled restart at 12:00).

================================================================
======== txAdmin v7.0.0 atop fxserver 7811 Starting - 2.4.2024, 14:00:58
================================================================

================================================================
======== txAdmin v7.0.0 atop fxserver 7811 Starting - 2.4.2024, 21:01:03
================================================================
[04:14:06][CBayless] executed "refresh"
[04:14:11][CBayless] executed "ensure "2020fpiu""
[04:21:37][ARebelSoul] executed "settime"
[04:21:40][ARebelSoul] executed "set time"
[04:21:45][ARebelSoul] executed "set time 1200"
[04:37:06][CBayless] executed "ensure "radar""
[04:39:50][ARebelSoul] executed "ensure "radar""
[04:43:31][ARebelSoul] executed "ensure "dpemotes""
[04:45:31][ARebelSoul] DM to #GShep Games: i see you
[04:45:43][ARebelSoul] executed "stop "radar""
[04:45:46][ARebelSoul] executed "ensure "radar""
[04:46:23][ARebelSoul] executed "start radar"
[04:48:14][GShepGames] executed "refresh"
[04:48:20][GShepGames] executed "ensure "MattF150""
[04:48:21][GShepGames] executed "ensure "[FIRE]%202020%20Expediton""
[04:49:04][ARebelSoul] logged in from 69.162.231.16 via password
[04:49:17][ARebelSoul] executed "RESTART SERVER"
[04:50:14][ARebelSoul] executed "refresh"
[04:50:22][ARebelSoul] executed "refresh"
[04:53:13][GShepGames] executed "refresh"
[04:53:20][GShepGames] executed "ensure "2020%20Expediton""
[05:00:19][SCHEDULER] Restarting server (scheduled restart at 05:00).

================================================================
======== txAdmin v7.0.0 atop fxserver 7811 Starting - 3.4.2024, 08:01:47
================================================================
[12:00:51][SCHEDULER] Restarting server (scheduled restart at 12:00).

================================================================
======== txAdmin v7.0.0 atop fxserver 7811 Starting - 3.4.2024, 14:01:01
================================================================
[20:48:54][GShepGames] executed "refresh"
[20:49:02][GShepGames] executed "ensure "2020%20Expediton""
[20:49:07][GShepGames] executed "ensure "GSD2022emsexp""
[20:49:11][GShepGames] executed "ensure "Red%20&%20White""
[20:49:16][GShepGames] executed "ensure "qrescue""
[20:49:19][GShepGames] executed "ensure "quantum""
[20:49:22][GShepGames] executed "ensure "rescue""
[20:51:26][GShepGames] executed "ensure "qrescue""
[20:55:46][GShepGames] executed "ensure "qrescue""
[20:58:08][GShepGames] executed "refresh"
[20:58:11][GShepGames] executed "ensure "2020%20Expediton""
[20:58:13][GShepGames] executed "ensure "Durastar""
[20:58:15][GShepGames] executed "ensure "Ferrara""
[20:58:17][GShepGames] executed "ensure "Kodiak""
[20:58:19][GShepGames] executed "ensure "Md902""
[20:58:21][GShepGames] executed "ensure "Red%20&%20White""
[20:58:22][GShepGames] executed "ensure "Spartan""

================================================================
======== txAdmin v7.1.0 atop fxserver 7823 Starting - 3.4.2024, 21:01:14
================================================================
[21:05:47][GShepGames] executed "refresh"
[21:05:51][GShepGames] executed "ensure "2020%20Expediton""
[21:05:53][GShepGames] executed "ensure "Red%20&%20White""
[21:05:55][GShepGames] executed "ensure "EMSF250""
[21:05:57][GShepGames] executed "ensure "F150FirePOV""
[21:06:01][GShepGames] executed "ensure "vff2""
[02:10:23][CBayless] executed "refresh"
[02:10:29][CBayless] executed "ensure "2020fpiuLB""
[02:10:29][CBayless] executed "ensure "2021tahoeLB""
[02:23:17][CBayless] executed "ensure "2021tahoeLB""
[02:54:53][GShepGames] executed "refresh"
[02:54:56][GShepGames] executed "ensure "2020%20Expediton""
[02:55:01][GShepGames] executed "ensure "Red%20&%20White""
[02:55:05][GShepGames] executed "ensure "Quantumrescue""
[02:55:08][GShepGames] executed "ensure "Quantumtanker""
[02:55:10][GShepGames] executed "ensure "quantumengine""
[02:58:16][GShepGames] executed "ensure "Quantumrescue""
[02:58:57][GShepGames] executed "ensure "Quantumtanker""
[03:00:03][GShepGames] executed "stop "quantum""
[03:00:13][GShepGames] executed "ensure "quantumengine""
[03:04:59][GShepGames] executed "refresh"
[03:05:03][GShepGames] executed "ensure "2020%20Expediton""
[03:05:05][GShepGames] executed "ensure "Brush%20Truck""
[03:05:09][GShepGames] executed "ensure "Red%20&%20White""
[03:07:18][CBayless] executed "refresh"
[03:07:22][CBayless] executed "ensure "19tahoe""
[03:07:22][CBayless] executed "ensure "18charger""
[03:07:23][CBayless] executed "ensure "21tahoe""
[03:19:52][GShepGames] executed "ensure "quantumengine""
[03:20:00][GShepGames] executed "ensure "lvc""
[03:21:30][GShepGames] executed "ensure "lvc""
[03:22:04][GShepGames] executed "ensure "quantumengine""
[03:32:24][GShepGames] executed "refresh"
[03:32:29][GShepGames] executed "ensure "quantumengine""
[03:32:34][GShepGames] executed "ensure "lvc""
[03:33:49][GShepGames] executed "ensure "lvc""
[03:33:57][CBayless] executed "refresh"
[03:34:11][CBayless] executed "ensure "umdur""
[03:34:47][GShepGames] executed "ensure "lvc""
[03:40:24][GShepGames] executed "ensure "lvc""
[03:43:06][GShepGames] executed "ensure "lvc""
[03:53:35][GShepGames] executed "refresh"
[03:53:40][GShepGames] executed "ensure "F550%20Amulance""
[03:53:43][GShepGames] executed "ensure "Brush%20Truck""
[03:57:50][GShepGames] executed "refresh"
[03:57:53][GShepGames] executed "ensure "2020%20Expediton""
[03:57:55][GShepGames] executed "ensure "Brush%20Truck""
[03:57:57][GShepGames] executed "ensure "F550%20Ambulance%20Single""
[03:57:59][GShepGames] executed "ensure "F550%20Amulance%20Crew""
[04:56:17][CBayless] executed "refresh"
[04:56:22][CBayless] executed "ensure "SHERIFF""
[04:59:11][CBayless] executed "ensure "18charger""
[05:00:25][SCHEDULER] Restarting server (scheduled restart at 05:00).
[05:03:53][CBayless] executed "refresh"
[05:03:58][CBayless] executed "ensure "SHERIFF""
[05:04:48][CBayless] executed "ensure "SHERIFF""
[05:05:00][GShepGames] executed "refresh"
[05:05:08][GShepGames] executed "ensure "2020%20Expediton""
[05:05:14][GShepGames] executed "ensure "Brush%20Truck""
[05:05:18][GShepGames] executed "ensure "F550%20Ambulance%20Single""
[05:05:21][GShepGames] executed "ensure "F550%20Amulance%20Crew""
[05:06:44][CBayless] executed "ensure "SHERIFF""
[05:07:44][CBayless] executed "ensure "SHERIFF""
[05:10:41][GShepGames] executed "ensure "SHERIFF""
[05:11:24][CBayless] executed "stop "SHERIFF""
[05:11:27][CBayless] executed "ensure "SHERIFF""
[05:12:00][CBayless] executed "refresh"
[05:12:06][CBayless] executed "ensure "sheriff""
[05:16:00][CBayless] executed "ensure "sheriff""
[05:16:03][GShepGames] executed "ensure "sheriff""
[05:19:12][CBayless] executed "ensure "sheriff""
[05:19:14][CBayless] executed "ensure "SHERIFF""
[05:20:29][CBayless] executed "ensure "sheriff""
[05:29:00][CBayless] executed "ensure "SHERIFF""

================================================================
======== txAdmin v7.1.0 atop fxserver 7823 Starting - 4.4.2024, 05:30:01
================================================================
[05:32:09][CBayless] executed "ensure "SHERIFF""
[06:02:39][GShepGames] executed "refresh"
[06:02:44][GShepGames] executed "ensure "2020%20Expediton""
[06:02:47][GShepGames] executed "ensure "F550%20Ambulance%20Single""
[06:02:49][GShepGames] executed "ensure "F550%20Amulance%20Crew""
[06:02:54][GShepGames] executed "ensure "bat2""
[06:02:59][GShepGames] executed "ensure "brush""
[06:09:52][CBayless] executed "ensure "18charger""
[06:11:12][CBayless] executed "ensure "18charger""
[06:11:53][CBayless] executed "refresh"
[06:11:58][CBayless] executed "ensure "18charger""
[06:13:48][CBayless] executed "ensure "18charger""
[06:16:11][CBayless] executed "ensure "18charger""

================================================================
======== txAdmin v7.1.0 atop fxserver 7823 Starting - 4.4.2024, 08:02:07
================================================================
[12:00:11][SCHEDULER] Restarting server (scheduled restart at 12:00).

================================================================
======== txAdmin v7.1.0 atop fxserver 7823 Starting - 4.4.2024, 14:01:05
================================================================

================================================================
======== txAdmin v7.1.0 atop fxserver 7827 Starting - 4.4.2024, 21:01:16
================================================================
[03:25:27][CBayless] executed "refresh"
[03:25:30][CBayless] executed "ensure "21fpiuST""
[03:33:51][GShepGames] executed "ensure "F550%20Ambulance%20Single""
[03:33:56][GShepGames] executed "ensure "F550%20Amulance%20Crew""
[03:34:00][GShepGames] executed "ensure "Red%20&%20White""
[03:50:06][ARebelSoul] executed "ensure "LegacyFuel""
[03:50:44][ARebelSoul] executed "ensure "LegacyFuel""
[04:16:41][CBayless] executed "refresh"
[04:16:45][CBayless] executed "ensure "lights""
[04:16:49][CBayless] executed "ensure "lights""
[04:17:02][CBayless] executed "ensure "lights""
[04:17:05][CBayless] executed "ensure "lights""
[04:17:59][ARebelSoul] executed "ensure "lights""
[04:18:09][CBayless] executed "refresh"
[04:18:13][CBayless] executed "ensure "parking-pattern""
[04:18:41][CBayless] executed "refresh"
[04:18:43][CBayless] executed "ensure "parking-pattern""
[04:19:03][CBayless] executed "RESTART SERVER"
[04:20:09][ARebelSoul] logged in from 69.162.231.16 via password
[04:20:23][ARebelSoul] executed "ensure "parking-pattern""

================================================================
======== txAdmin v7.1.0 atop fxserver 7827 Starting - 5.4.2024, 04:21:39
================================================================
[04:22:25][ARebelSoul] logged in from 69.162.231.16 via password
[04:22:33][ARebelSoul] executed "refresh"
[04:22:48][ARebelSoul] executed "refresh"
[04:23:41][CBayless] executed "ensure "parking-pattern""
[04:23:51][GShepGames] executed "refresh"
[04:23:58][GShepGames] executed "ensure "Ladder""
[04:24:02][GShepGames] executed "ensure "F550AmbulanceSingle""
[04:24:04][GShepGames] executed "ensure "F550AmulanceCrew""
[04:24:06][GShepGames] executed "refresh"
[04:24:51][ARebelSoul] executed "refresh"
[04:25:48][ARebelSoul] executed "refresh"
[04:25:55][ARebelSoul] executed "ensure "parking-pattern""
[04:26:15][ARebelSoul] Cancelling next scheduled restart.
[04:28:47][GShepGames] executed "ensure "radar""
[04:29:22][ARebelSoul] executed "refresh"
[04:29:58][ARebelSoul] executed "ensure "parking-pattern""
[04:30:02][ARebelSoul] executed "refresh"
[04:31:45][GShepGames] executed "refresh"
[04:31:51][GShepGames] executed "ensure "radar""
[04:35:23][CBayless] executed "refresh"
[04:35:27][CBayless] executed "ensure "parking-pattern""
[04:35:55][GShepGames] executed "refresh"
[04:36:03][GShepGames] executed "ensure "wk_wars2x""
[04:37:12][ARebelSoul] executed "refresh"
[04:37:17][ARebelSoul] executed "ensure "parking-pattern""
[04:38:30][ARebelSoul] executed "refresh"
[04:38:42][ARebelSoul] executed "ensure "speedthresholdscript""
[04:40:02][ARebelSoul] executed "refresh"
[04:40:30][ARebelSoul] executed "refresh"
[04:40:33][ARebelSoul] executed "ensure "speedthresholdscript""
[04:40:34][ARebelSoul] executed "ensure "speedthresholdscript""
[04:40:35][ARebelSoul] executed "refresh"
[04:40:36][ARebelSoul] executed "ensure "speedthresholdscript""
[04:40:37][ARebelSoul] executed "ensure "speedthresholdscript""
[04:40:38][ARebelSoul] executed "ensure "speedthresholdscript""
[04:40:40][ARebelSoul] executed "ensure "speedthresholdscript""
[04:41:07][ARebelSoul] executed "refresh"
[04:41:08][ARebelSoul] executed "ensure "speedthresholdscript""
[04:41:09][ARebelSoul] executed "ensure "speedthresholdscript""
[04:41:10][ARebelSoul] executed "ensure "speedthresholdscript""
[04:41:12][ARebelSoul] executed "ensure "speedthresholdscript""
[04:42:57][ARebelSoul] executed "refresh"
[04:42:59][ARebelSoul] executed "ensure "park-patterns""
[04:43:01][ARebelSoul] executed "ensure "park-patterns""
[04:43:02][ARebelSoul] executed "refresh"
[04:43:15][ARebelSoul] executed "ensure "park-patterns""
[04:43:16][ARebelSoul] executed "refresh"
[04:43:32][ARebelSoul] executed "refresh"
[04:43:33][ARebelSoul] executed "ensure "park-patterns""
[04:43:34][ARebelSoul] executed "ensure "park-patterns""
[04:43:56][ARebelSoul] Sending announcement: restart
[04:44:04][ARebelSoul] executed "RESTART SERVER"
[04:46:30][ARebelSoul] executed "refresh"
[04:49:35][ARebelSoul] executed "ensure "park-patterns""
[04:51:05][CBayless] executed "ensure "park-patterns""
[04:53:37][ARebelSoul] Sending announcement: restart
[04:53:45][ARebelSoul] executed "RESTART SERVER"
[04:54:16][ARebelSoul] executed "ensure "park-patterns""
[04:55:03][ARebelSoul] executed "refresh"
[04:56:38][CBayless] executed "refresh"
[04:56:42][CBayless] executed "ensure "park-patterns""
[05:01:29][ARebelSoul] executed "refresh"
[05:01:31][ARebelSoul] executed "ensure "park-patterns""
[05:01:47][ARebelSoul] executed "RESTART SERVER"
[05:02:11][ARebelSoul] executed "refresh"
[05:07:52][CBayless] executed "ensure "park-patterns""
[05:40:21][CBayless] executed "ensure "park-patterns""
[05:44:24][CBayless] executed "ensure "park-patterns""
[05:48:34][CBayless] executed "ensure "park-patterns""
[06:08:23][CBayless] executed "ensure "park-patterns""
[06:08:53][CBayless] executed "ensure "park-patterns""
[07:07:57][CBayless] executed "refresh"
[07:08:02][CBayless] executed "ensure "18charger""
[07:12:35][ARebelSoul] Sending announcement: sleep time?
[07:12:50][ARebelSoul] Sending announcement: hardy hardy hardy
[07:19:02][CBayless] executed "ensure "18charger""
[07:30:59][GShepGames] Sending announcement: Bedtime
[07:42:14][CBayless] executed "refresh"
[07:42:17][CBayless] executed "ensure "18durango""
[07:43:44][CBayless] executed "ensure "18charger""
[07:43:44][CBayless] executed "ensure "18chargerST""
[07:43:45][CBayless] executed "ensure "18durangoST""
[07:52:52][GShepGames] executed "ensure "lvc""
[07:55:17][GShepGames] executed "ensure "lvc""
[07:55:53][GShepGames] executed "ensure "lvc""

================================================================
======== txAdmin v7.1.0 atop fxserver 7827 Starting - 5.4.2024, 08:01:57
================================================================
[08:02:05][ARebelSoul] logged in from 69.162.231.16 via password
[08:03:05][ARebelSoul] DM to #C. Bayless: Have you heard about our lord and savior jesus christ?
[08:06:43][ARebelSoul] Changing monitor settings.
[08:07:00][ARebelSoul] Changing monitor settings.
[08:07:13][CBayless] executed "refresh"
[08:07:16][CBayless] executed "ensure "21tahoeST""
[08:07:23][CBayless] executed "refresh"
[08:07:36][CBayless] executed "refresh"
[08:07:39][CBayless] executed "ensure "21tahoe2""
[08:07:41][ARebelSoul] Changing monitor settings.
[08:07:57][GShepGames] executed "ensure "lvc""
[08:09:56][GShepGames] executed "ensure "lvc""
[08:27:03][GShepGames] executed "ensure "park-patterns""
[08:44:46][ARebelSoul] executed "ensure "lvc""
[08:47:41][ARebelSoul] executed "ensure "lvc""
[08:54:35][GShepGames] executed "refresh"
[08:54:41][GShepGames] executed "ensure "lvc""
[08:56:25][GShepGames] executed "ensure "lvc""
[08:58:35][GShepGames] executed "ensure "lvc""
[08:59:32][GShepGames] executed "restart"
[08:59:45][GShepGames] executed "RESTART SERVER"
[09:02:36][GShepGames] executed "ensure "lvc""
[09:07:27][GShepGames] executed "ensure "lvc""
[09:10:07][GShepGames] executed "ensure "lvc""
[09:10:58][GShepGames] executed "ensure "lvc""
[09:14:54][GShepGames] executed "ensure "lvc""
[12:00:03][SCHEDULER] Restarting server (scheduled restart at 12:00).

================================================================
======== txAdmin v7.1.0 atop fxserver 7827 Starting - 5.4.2024, 14:01:07
================================================================
[17:34:23][GShepGames] executed "ensure "lvc""
[17:36:06][GShepGames] executed "ensure "lvc""
[17:36:24][GShepGames] executed "ensure "2021tahoeLB""
[18:33:24][GShepGames] executed "ensure "lvc""
[18:34:45][GShepGames] executed "ensure "lvc""
[18:36:10][GShepGames] executed "ensure "lvc""
[18:40:14][GShepGames] executed "ensure "lvc""
[18:41:45][GShepGames] executed "ensure "lvc""
[18:43:50][GShepGames] executed "ensure "lvc""
[18:46:20][GShepGames] executed "ensure "lvc""
[18:48:32][GShepGames] executed "ensure "lvc""
[18:50:41][GShepGames] executed "ensure "lvc""
[18:53:56][GShepGames] executed "ensure "lvc""
[18:54:49][GShepGames] executed "ensure "lvc""
[18:57:52][GShepGames] executed "ensure "lvc""
[19:05:13][GShepGames] executed "ensure "lvc""
[19:08:33][GShepGames] executed "ensure "lvc""
[19:11:52][GShepGames] executed "ensure "lvc""
[19:13:22][GShepGames] executed "ensure "lvc""
[19:14:58][GShepGames] executed "refresh"
[19:15:00][GShepGames] executed "ensure "lvc""
[19:16:12][GShepGames] executed "ensure "lvc""
[19:18:05][GShepGames] executed "ensure "lvc""
[19:19:08][GShepGames] executed "refresh"
[19:19:11][GShepGames] executed "ensure "lvc""
[19:19:13][GShepGames] executed "ensure "lvc""
[19:19:32][GShepGames] executed "ensure "2021tahoeLB""
[19:20:40][GShepGames] executed "RESTART SERVER"
[19:23:49][GShepGames] executed "refresh"
[19:23:51][GShepGames] executed "ensure "lvc""
[19:24:52][GShepGames] executed "ensure "lvc""
[19:26:34][GShepGames] executed "ensure "lvc""
[19:29:09][GShepGames] executed "ensure "lvc""
[19:32:53][GShepGames] executed "ensure "lvc""
[19:33:45][GShepGames] executed "ensure "lvc""
[19:37:25][GShepGames] executed "ensure "lvc""
[19:38:46][GShepGames] executed "ensure "lvc""
[19:42:20][GShepGames] executed "ensure "lvc""
[19:43:04][GShepGames] executed "ensure "lvc""
[19:44:07][GShepGames] executed "ensure "lvc""
[19:45:03][GShepGames] executed "ensure "lvc""
[19:46:43][GShepGames] executed "ensure "lvc""
[19:48:56][GShepGames] executed "ensure "lvc""
[19:50:20][GShepGames] executed "ensure "lvc""
[19:53:44][GShepGames] executed "stop "park-patterns""
[20:01:25][GShepGames] executed "refresh"
[20:01:27][GShepGames] executed "ensure "lvc""
[20:01:31][GShepGames] executed "ensure "park-patterns""
[20:04:30][GShepGames] executed "ensure "lvc""
[20:05:02][GShepGames] executed "ensure "lvc""
[20:06:22][GShepGames] executed "ensure "lvc""
[20:08:07][GShepGames] executed "ensure "lvc""
[20:10:28][GShepGames] executed "ensure "lvc""
[20:11:20][GShepGames] executed "ensure "lvc""
[20:11:59][GShepGames] executed "ensure "lvc""

================================================================
======== txAdmin v7.1.0 atop fxserver 7827 Starting - 5.4.2024, 21:01:07
================================================================
[21:04:38][GShepGames] executed "ensure "vMenu""
[22:04:50][CBayless] executed "refresh"
[22:04:55][CBayless] executed "ensure "21dur""
[22:14:13][CBayless] executed "refresh"
[22:14:16][CBayless] executed "ensure "2020exp""
[22:14:57][GShepGames] executed "ensure "lvc""
[22:15:13][CBayless] executed "refresh"
[22:15:16][CBayless] executed "ensure "20fpiu""
[22:15:44][GShepGames] executed "ensure "lvc""
[22:16:15][CBayless] executed "refresh"
[22:16:18][CBayless] executed "ensure "20fpiu""
[22:16:51][GShepGames] executed "ensure "lvc""
[22:17:51][GShepGames] executed "ensure "lvc""
[22:21:57][GShepGames] executed "ensure "lvc""
[22:24:31][GShepGames] executed "ensure "lvc""
[22:25:40][GShepGames] executed "ensure "lvc""
[22:29:04][CBayless] executed "refresh"
[22:29:07][CBayless] executed "ensure "18char""
[22:29:10][CBayless] executed "ensure "21tah""
[22:36:07][GShepGames] executed "ensure "lvc""
[22:38:59][GShepGames] executed "ensure "lvc""
[22:41:28][GShepGames] executed "ensure "lvc""
[22:42:36][GShepGames] executed "ensure "lvc""
[05:00:16][SCHEDULER] Restarting server (scheduled restart at 05:00).

================================================================
======== txAdmin v7.1.0 atop fxserver 7827 Starting - 6.4.2024, 08:01:55
================================================================
[12:00:03][SCHEDULER] Restarting server (scheduled restart at 12:00).

================================================================
======== txAdmin v7.1.0 atop fxserver 7827 Starting - 6.4.2024, 14:01:08
================================================================
[17:53:20][ARebelSoul] logged in from 69.162.231.16 via password
[17:53:25][ARebelSoul] Sending announcement: Test
[17:54:31][ARebelSoul] Sending announcement: test
[19:37:00][ARebelSoul] executed "RESTART SERVER"
[20:02:51][ARebelSoul] executed "RESTART SERVER"
[20:19:30][ARebelSoul] executed "RESTART SERVER"
[20:22:00][ARebelSoul] executed "ensure "wk_wars2x""
[20:22:01][ARebelSoul] executed "ensure "sonoran_updatehelper""
[20:22:21][ARebelSoul] executed "RESTART SERVER"
[20:22:29][ARebelSoul] executed "refresh"
[20:22:47][ARebelSoul] executed "RESTART SERVER"
[20:23:07][ARebelSoul] executed "refresh"
[20:23:21][ARebelSoul] executed "RESTART SERVER"
[20:23:34][ARebelSoul] executed "refresh"
[20:34:57][ARebelSoul] executed "RESTART SERVER"
[20:56:27][ARebelSoul] executed "RESTART SERVER"

================================================================
======== txAdmin v7.1.0 atop fxserver 7827 Starting - 6.4.2024, 21:01:09
================================================================
[00:11:17][ARebelSoul] logged in from 69.162.231.16 via password
[00:23:15][CBayless] executed "refresh"
[00:23:29][CBayless] executed "refresh"
[00:25:46][CBayless] executed "refresh"
[00:27:44][CBayless] executed "refresh"
[00:27:49][CBayless] executed "ensure "21hoe""
[00:27:50][CBayless] executed "ensure "18ch""
[00:30:58][ARebelSoul] executed "ensure "smartsigns_sonoran""
[00:31:10][ARebelSoul] executed "refresh"
[00:31:18][ARebelSoul] executed "ensure "smartsigns_sonoran""
[00:44:28][ARebelSoul] executed "RESTART SERVER"
[01:52:08][ARebelSoul] executed "RESTART SERVER"
[02:30:43][ARebelSoul] executed "RESTART SERVER"
[04:29:20][CBayless] executed "ensure "18ch""
[04:29:21][CBayless] executed "ensure "21hoe""
[04:30:21][CBayless] executed "RESTART SERVER"
[05:00:17][SCHEDULER] Restarting server (scheduled restart at 05:00).
[05:20:54][BLACKBURN_01] logged in from 71.214.134.10 via cfxre
[05:24:38][GShepGames] Sending announcement: CoOoDdEeE zEeErRoO lLoOwEr Ls
[05:25:20][GShepGames] Sending announcement: Server restart scheduled in (30 Minutes)
[05:29:56][BLACKBURN_01] executed "sonoran debugmode"
[05:30:11][BLACKBURN_01] executed "/sonoran debugmode"
[05:30:36][BLACKBURN_01] executed "sonoran info"
[05:35:26][ARebelSoul] Sending announcement: restart bitches
[05:35:31][ARebelSoul] Sending announcement: 5
[05:35:33][ARebelSoul] Sending announcement: 4
[05:35:36][ARebelSoul] Sending announcement: 3
[05:35:37][ARebelSoul] Sending announcement: 2
[05:35:39][ARebelSoul] Sending announcement: 1
[05:35:45][ARebelSoul] executed "RESTART SERVER"
[05:50:29][ARebelSoul] Sending announcement: dont hate me...
[05:50:40][ARebelSoul] DM to #GShep Games: Dont
[05:50:55][ARebelSoul] DM to #Spike: I need to restart the server
[05:51:16][ARebelSoul] Sending announcement: Restart in 5
[05:51:18][ARebelSoul] Sending announcement: 4
[05:51:21][ARebelSoul] Sending announcement: 3
[05:51:24][ARebelSoul] Sending announcement: 2
[05:51:27][ARebelSoul] Sending announcement: 1
[05:51:30][ARebelSoul] executed "RESTART SERVER"
[05:53:53][CBayless] executed "refresh"
[05:53:56][CBayless] executed "ensure "18chargr""
[05:54:13][CBayless] executed "ensure "park-patterns""
[05:55:54][CBayless] executed "ensure "park-patterns""
[06:00:40][CBayless] executed "refresh"
[06:00:43][CBayless] executed "ensure "18chargrST""
[06:00:49][CBayless] executed "ensure "park-patterns""

================================================================
======== txAdmin v7.1.0 atop fxserver 7827 Starting - 7.4.2024, 08:01:58
================================================================
[08:03:05][ARebelSoul] logged in from 69.162.231.16 via password
[12:00:03][SCHEDULER] Restarting server (scheduled restart at 12:00).

================================================================
======== txAdmin v7.1.0 atop fxserver 7827 Starting - 7.4.2024, 14:01:10
================================================================

================================================================
======== txAdmin v7.1.0 atop fxserver 7827 Starting - 7.4.2024, 21:01:10
================================================================
[03:06:44][CBayless] executed "refresh"
[03:06:52][CBayless] executed "RESTART SERVER"

================================================================
======== txAdmin v7.1.0 atop fxserver 7827 Starting - 8.4.2024, 03:09:03
================================================================
[03:10:15][CBayless] executed "ensure "(LSSD)21fpiu""
[03:11:14][CBayless] executed "refresh"
[03:11:22][CBayless] executed "refresh"
[03:11:26][CBayless] executed "stop "(LSSD)21fpiu""
[03:11:36][CBayless] executed "refresh"
[03:12:45][CBayless] executed "refresh"
[03:13:53][CBayless] executed "refresh"
[03:13:57][CBayless] executed "ensure "2021fpiu""
[03:16:07][CBayless] executed "ensure "park-patterns""
[03:16:26][CBayless] executed "ensure "park-patterns""
[03:37:04][CBayless] executed "RESTART SERVER"

================================================================
======== txAdmin v7.1.0 atop fxserver 7827 Starting - 8.4.2024, 03:38:17
================================================================
[03:40:29][CBayless] executed "ensure "2021Expl""
[03:50:09][CBayless] executed "refresh"
[03:50:15][CBayless] executed "ensure "2021Expl""
[05:00:18][SCHEDULER] Restarting server (scheduled restart at 05:00).

================================================================
======== txAdmin v7.1.0 atop fxserver 7827 Starting - 8.4.2024, 08:01:20
================================================================
[12:00:26][SCHEDULER] Restarting server (scheduled restart at 12:00).

================================================================
======== txAdmin v7.1.0 atop fxserver 7827 Starting - 8.4.2024, 14:01:14
================================================================
[19:04:58][GShepGames] executed "stop "park-patterns""
[19:10:34][GShepGames] executed "ensure "lvc""
[19:11:35][GShepGames] executed "RESTART SERVER"
[19:17:16][GShepGames] executed "ensure "lvc""
[19:19:04][GShepGames] executed "ensure "lvc""
[19:19:54][GShepGames] executed "ensure "lvc""
[19:21:23][GShepGames] executed "stop "park-patterns""

================================================================
======== txAdmin v7.1.0 atop fxserver 7874 Starting - 8.4.2024, 21:01:23
================================================================
[05:00:33][SCHEDULER] Restarting server (scheduled restart at 05:00).
[05:24:18][CBayless] executed "refresh"
[05:24:23][CBayless] executed "ensure "park-patterns""
[05:26:10][CBayless] executed "refresh"
[05:26:14][CBayless] executed "ensure "park-patterns""
[05:34:05][GShepGames] Warned player [3] wolfyjnk: RDM
[05:34:34][CBayless] DM to #wolfyjnk: stop being a bum
[05:35:34][GShepGames] executed "ensure "lvc""
[05:36:23][GShepGames] executed "ensure "lvc""
[05:39:55][GShepGames] executed "ensure "lvc""
[05:40:55][GShepGames] executed "ensure "lvc""
[05:42:24][GShepGames] executed "ensure "lvc""
[05:43:03][GShepGames] executed "ensure "lvc""
[05:45:08][GShepGames] executed "ensure "lvc""
[05:45:52][CBayless] executed "ensure "SHERIFF""
[05:47:02][GShepGames] executed "ensure "lvc""
[05:47:54][GShepGames] executed "ensure "lvc""
[05:48:37][GShepGames] executed "ensure "lvc""
[05:49:30][CBayless] executed "refresh"
[05:49:34][CBayless] executed "ensure "SHERIFF""
[05:51:57][GShepGames] executed "ensure "lvc""
[05:54:02][GShepGames] executed "ensure "lvc""
[05:54:52][CBayless] executed "ensure "SHERIFF""
[05:55:12][GShepGames] executed "ensure "lvc""
[05:55:46][GShepGames] executed "ensure "lvc""
[05:59:57][CBayless] executed "refresh"
[06:03:35][GShepGames] executed "ensure "lvc""
[06:04:42][GShepGames] executed "ensure "lvc""
[06:08:54][GShepGames] executed "ensure "lvc""
[06:09:22][GShepGames] executed "ensure "lvc""
[06:10:34][GShepGames] executed "ensure "lvc""
[06:18:29][GShepGames] executed "ensure "lvc""
[06:20:00][GShepGames] executed "ensure "lvc""
[06:26:59][GShepGames] executed "ensure "lvc""
[06:29:34][GShepGames] executed "ensure "lvc""
[06:31:45][GShepGames] executed "ensure "lvc""
[06:33:00][GShepGames] executed "ensure "lvc""
[06:39:59][GShepGames] executed "ensure "lvc""
[06:42:04][GShepGames] executed "ensure "lvc""
[06:43:06][GShepGames] executed "ensure "lvc""
[06:59:22][GShepGames] executed "ensure "lvc""
[07:02:12][GShepGames] executed "ensure "lvc""

================================================================
======== txAdmin v7.1.0 atop fxserver 7878 Starting - 9.4.2024, 08:01:27
================================================================
[12:00:30][SCHEDULER] Restarting server (scheduled restart at 12:00).

================================================================
======== txAdmin v7.1.0 atop fxserver 7878 Starting - 9.4.2024, 14:01:15
================================================================

================================================================
======== txAdmin v7.1.0 atop fxserver 7878 Starting - 9.4.2024, 21:01:24
================================================================
[05:00:34][SCHEDULER] Restarting server (scheduled restart at 05:00).

================================================================
======== txAdmin v7.1.0 atop fxserver 7878 Starting - 10.4.2024, 08:01:27
================================================================
[12:00:30][SCHEDULER] Restarting server (scheduled restart at 12:00).

================================================================
======== txAdmin v7.1.0 atop fxserver 7878 Starting - 10.4.2024, 14:01:24
================================================================

================================================================
======== txAdmin v7.1.0 atop fxserver 7878 Starting - 10.4.2024, 21:01:25
================================================================
[01:18:56][GShepGames] executed "refresh"
[01:19:07][GShepGames] executed "ensure "fdfpiu21tr""
[01:22:24][GShepGames] executed "ensure "park-patterns""
[01:23:42][GShepGames] executed "ensure "park-patterns""
[01:28:04][GShepGames] executed "ensure "park-patterns""
[01:28:10][GShepGames] executed "ensure "lvc""
[01:29:54][GShepGames] executed "ensure "lvc""
[01:31:45][GShepGames] executed "refresh"
[01:31:49][GShepGames] executed "ensure "fdfpiuslick""
[01:33:56][GShepGames] executed "ensure "lvc""
[01:34:01][GShepGames] executed "ensure "park-patterns""
[01:39:02][GShepGames] executed "refresh"
[01:39:05][GShepGames] executed "ensure "fd250command""
[01:43:55][GShepGames] executed "ensure "park-patterns""
[01:43:59][GShepGames] executed "ensure "lvc""
[01:46:28][GShepGames] executed "ensure "lvc""
[01:47:24][GShepGames] executed "ensure "park-patterns""
[01:47:39][GShepGames] executed "ensure "lvc""
[01:49:57][GShepGames] executed "ensure "lvc""
[01:50:02][GShepGames] executed "ensure "park-patterns""
[01:50:58][GShepGames] executed "ensure "lvc""
[01:54:17][GShepGames] executed "refresh"
[01:54:23][GShepGames] executed "ensure "fd250command""
[01:56:04][GShepGames] executed "RESTART SERVER"
[04:52:23][GShepGames] executed "refresh"
[04:52:27][GShepGames] executed "ensure "fd250command2""
[04:54:28][GShepGames] executed "ensure "lvc""
[04:56:27][GShepGames] executed "refresh"
[04:56:32][GShepGames] executed "ensure "fd250command""
[05:00:34][SCHEDULER] Restarting server (scheduled restart at 05:00).
[05:04:36][GShepGames] executed "ensure "lvc""
[05:06:57][GShepGames] executed "ensure "lvc""
[05:08:15][GShepGames] executed "ensure "lvc""
[05:09:29][GShepGames] executed "ensure "lvc""
[05:10:28][GShepGames] executed "ensure "lvc""
[05:14:45][GShepGames] executed "refresh"
[05:14:49][GShepGames] executed "ensure "lvc""
[05:28:47][GShepGames] executed "ensure "18ch""
[05:30:53][GShepGames] executed "RESTART SERVER"
[06:34:42][GShepGames] executed "ensure "lvc""

================================================================
======== txAdmin v7.1.0 atop fxserver 7878 Starting - 11.4.2024, 08:01:28
================================================================
[12:00:31][SCHEDULER] Restarting server (scheduled restart at 12:00).

================================================================
======== txAdmin v7.1.0 atop fxserver 7886 Starting - 11.4.2024, 14:01:32
================================================================

================================================================
======== txAdmin v7.1.0 atop fxserver 7886 Starting - 11.4.2024, 21:01:26
================================================================
[00:22:59][GShepGames] executed "ensure "SHERIFF""
[00:24:20][GShepGames] executed "ensure "SHERIFF""
[00:24:26][GShepGames] executed "ensure "2021fpiu""
[00:27:31][CBayless] executed "refresh"
[00:27:35][CBayless] executed "ensure "18charger""
[00:28:27][CBayless] executed "ensure "18charger""
[00:29:24][GShepGames] executed "ensure "lvc""
[00:32:56][CBayless] executed "ensure "18charger""
[00:34:11][CBayless] executed "refresh"
[00:34:13][CBayless] executed "ensure "18charger""
[00:35:20][CBayless] executed "refresh"
[00:35:22][CBayless] executed "ensure "18charger""
[00:37:49][CBayless] executed "ensure "18charger""
[00:40:23][CBayless] executed "ensure "18charger""
[00:40:25][CBayless] executed "refresh"
[00:40:27][CBayless] executed "ensure "18charger""
[00:42:19][CBayless] executed "ensure "18charger""
[00:47:56][GShepGames] executed "ensure "SHERIFF""
[00:48:32][GShepGames] executed "ensure "SHERIFF""
[00:49:43][GShepGames] executed "refresh"
[00:50:02][GShepGames] executed "ensure "SHERIFF""
[00:50:32][GShepGames] executed "refresh"
[00:50:34][CBayless] executed "ensure "SHERIFF""
[00:51:22][GShepGames] executed "ensure "SHERIFF""
[00:54:48][CBayless] executed "ensure "SHERIFF""
[00:55:54][GShepGames] executed "ensure "SHERIFF""
[00:57:12][CBayless] executed "refresh"
[00:57:16][CBayless] executed "ensure "SHERIFF""
[00:59:27][CBayless] executed "refresh"
[00:59:30][CBayless] executed "ensure "SHERIFF""
[01:01:22][CBayless] executed "ensure "park-patterns""
[01:04:57][CBayless] executed "ensure "SHERIFF""
[01:06:07][CBayless] executed "ensure "21fpiuST""
[01:09:38][CBayless] executed "ensure "18charger""
[01:11:08][GShepGames] executed "ensure "lvc""
[01:14:30][GShepGames] executed "ensure "lvc""
[01:18:20][CBayless] executed "refresh"
[01:18:22][CBayless] executed "ensure "18charger""
[01:21:29][GShepGames] executed "ensure "fd250command""
[01:22:46][GShepGames] executed "ensure "fd250command""
[01:23:52][GShepGames] executed "ensure "fd250command""
[01:24:59][GShepGames] executed "ensure "fd250command""
[01:26:17][GShepGames] executed "ensure "fd250command""
[01:30:07][CBayless] Sending announcement: hi brian
[01:51:48][GShepGames] executed "refresh"
[01:52:07][GShepGames] executed "ensure "firehawk""
[01:52:15][CBayless] executed "ensure "LSPD""
[01:58:29][CBayless] executed "refresh"
[01:58:59][CBayless] executed "refresh"
[01:59:01][CBayless] executed "ensure "2021tahoe""
[02:00:29][CBayless] executed "refresh"
[02:01:20][CBayless] executed "refresh"
[02:01:23][CBayless] executed "ensure "2021Durango""
[02:02:40][CBayless] executed "refresh"
[02:02:56][CBayless] executed "refresh"
[02:02:58][CBayless] executed "ensure "2020Tahoe""
[02:03:34][CBayless] executed "refresh"
[02:03:37][CBayless] executed "ensure "2020Tahoe2""
[02:16:16][GShepGames] executed "ensure "fd250command""
[02:18:34][GShepGames] executed "ensure "fd250command""
[03:05:47][CBayless] executed "refresh"
[03:05:51][CBayless] executed "ensure "LSPD""
[03:06:15][CBayless] executed "refresh"
[03:06:17][CBayless] executed "ensure "18tahoe""

================================================================
======== txAdmin v7.1.0 atop fxserver 7886 Starting - 12.4.2024, 03:13:09
================================================================
[03:21:52][CBayless] executed "refresh"
[03:21:59][CBayless] executed "ensure "LSPD""
[03:22:39][CBayless] executed "refresh"
[03:22:44][CBayless] executed "ensure "LSPD""
[03:23:31][CBayless] executed "ensure "LSPD""
[03:25:02][CBayless] executed "refresh"
[03:25:06][CBayless] executed "ensure "LSPD""
[03:28:33][GShepGames] executed "refresh"
[03:28:37][GShepGames] executed "ensure "firehawk""
[03:30:07][CBayless] executed "ensure "LSPD""
[03:31:30][GShepGames] executed "refresh"
[03:31:52][GShepGames] executed "ensure "LSPD""
[03:34:38][GShepGames] executed "ensure "18tahoe""
[03:34:43][GShepGames] executed "ensure "LSPD""
[03:36:09][GShepGames] executed "refresh"
[03:36:13][GShepGames] executed "ensure "B&B""
[03:37:22][CBayless] executed "ensure "LSPD""
[03:40:52][CBayless] executed "stop "LSPD""
[03:40:52][CBayless] executed "stop "18tahoe""
[03:41:03][CBayless] executed "ensure "18tahoe""

================================================================
======== txAdmin v7.1.0 atop fxserver 7886 Starting - 12.4.2024, 03:42:48
================================================================
[03:47:02][CBayless] executed "refresh"
[03:47:04][CBayless] executed "ensure "LSPD""
[03:52:16][CBayless] executed "ensure "LSPD""
[03:53:30][CBayless] executed "ensure "LSPD""
[03:54:10][CBayless] executed "stop "LSPD""
[03:54:12][CBayless] executed "ensure "LSPD""
[03:55:19][CBayless] executed "ensure "LSPD""
[05:00:50][SCHEDULER] Restarting server (scheduled restart at 05:00).

================================================================
======== txAdmin v7.1.0 atop fxserver 7886 Starting - 12.4.2024, 08:01:33
================================================================
[12:00:38][SCHEDULER] Restarting server (scheduled restart at 12:00).

================================================================
======== txAdmin v7.1.0 atop fxserver 7893 Starting - 12.4.2024, 14:01:38
================================================================
[19:40:19][CBayless] executed "refresh"
[19:40:25][CBayless] executed "ensure "LSPD""
[19:41:20][CBayless] executed "ensure "LSPD""

================================================================
======== txAdmin v7.1.0 atop fxserver 7900 Starting - 12.4.2024, 19:44:28
================================================================
[19:48:31][CBayless] executed "refresh"
[19:48:34][CBayless] executed "ensure "LSPD""

================================================================
======== txAdmin v7.1.0 atop fxserver 7900 Starting - 12.4.2024, 19:49:45
================================================================
[19:52:38][CBayless] executed "ensure "lvc""
[19:53:43][CBayless] executed "ensure "LSPD""
[19:55:10][CBayless] executed "ensure "LSPD""
[19:56:43][CBayless] executed "stop "LSPD""
[19:56:50][CBayless] executed "ensure "LSPD""
[20:03:44][CBayless] executed "refresh"
[20:03:47][CBayless] executed "ensure "LSPD""
[20:08:06][CBayless] executed "refresh"
[20:08:09][CBayless] executed "ensure "LSPD2""
[20:14:29][GShepGames] executed "ensure "vMenu""
[20:17:39][CBayless] executed "refresh"
[20:17:41][CBayless] executed "ensure "2022explorer""
[20:18:13][GShepGames] executed "ensure "vMenu""
[20:20:37][GShepGames] executed "ensure "vMenu""
[20:32:56][GShepGames] executed "refresh"
[20:33:06][GShepGames] executed "ensure "B&B%20Version""
[20:37:47][CBayless] executed "refresh"
[20:38:13][CBayless] executed "refresh"
[20:38:15][CBayless] executed "ensure "2023durango""
[20:41:13][GShepGames] executed "ensure "lvc""
[20:42:53][GShepGames] executed "ensure "lvc""
[20:44:31][GShepGames] executed "ensure "lvc""
[20:45:29][GShepGames] executed "ensure "lvc""

================================================================
======== txAdmin v7.1.0 atop fxserver 7900 Starting - 12.4.2024, 21:01:33
================================================================
[21:37:35][CBayless] executed "stop "lvc""
[22:10:59][CBayless] executed "refresh"
[22:11:07][CBayless] executed "ensure "sirens-leo""
[22:11:22][CBayless] executed "ensure "lvc_fleet""
[22:15:50][CBayless] executed "ensure "sirens-leo""
[22:15:54][CBayless] executed "ensure "lvc_fleet""
[22:18:33][CBayless] executed "stop "lvc_fleet""
[22:18:38][CBayless] executed "stop "sirens-leo""
[22:22:21][CBayless] executed "ensure "sirens-leo""
[22:22:25][CBayless] executed "ensure "lvc_fleet""
[22:25:13][CBayless] executed "ensure "lvc_fleet""
[22:28:08][CBayless] executed "ensure "lvc_fleet""
[22:37:29][CBayless] executed "refresh"
[22:37:43][CBayless] executed "ensure "siren-leo""
[22:37:55][CBayless] executed "ensure "lvc_fleet""
[22:43:22][CBayless] executed "ensure "lvc_fleet""
[22:46:13][CBayless] executed "ensure "lvc_fleet""
[22:50:40][CBayless] executed "ensure "lvc_fleet""
[22:53:02][CBayless] executed "ensure "lvc_fleet""
[23:03:37][CBayless] executed "ensure "lvc_fleet""
[23:08:49][CBayless] executed "ensure "lvc_fleet""
[23:11:49][CBayless] executed "ensure "lvc_fleet""
[23:12:57][CBayless] executed "ensure "lvc_fleet""
[23:15:57][CBayless] executed "ensure "lvc_fleet""
[23:18:29][CBayless] executed "ensure "lvc_fleet""
[23:27:25][CBayless] executed "ensure "lvc_fleet""
[04:12:53][CBayless] executed "ensure "lvc_fleet""
[04:19:50][GShepGames] executed "ensure "lvc_fleet""
[04:21:54][GShepGames] executed "ensure "lvc_fleet""
[04:26:27][CBayless] executed "refresh"
[04:26:35][CBayless] executed "ensure "sppdexp""
[04:26:40][CBayless] executed "ensure "lvc_fleet""
[05:00:45][SCHEDULER] Restarting server (scheduled restart at 05:00).
[12:00:55][SCHEDULER] Restarting server (scheduled restart at 12:00).
[05:00:23][SCHEDULER] Restarting server (scheduled restart at 05:00).
[05:05:10][CBayless] executed "refresh"
[05:05:16][CBayless] executed "ensure "ghc""
[05:05:39][CBayless] executed "ensure "ghc""
[05:07:24][CBayless] executed "ensure "ghc""
[12:00:35][SCHEDULER] Restarting server (scheduled restart at 12:00).
[22:26:21][CBayless] executed "ensure "lvc_fleet""
[22:26:36][CBayless] executed "stop "lvc""
[22:26:48][CBayless] executed "ensure "lvc_fleet""
[22:28:01][CBayless] executed "stop "lvc_fleet""
[22:28:05][CBayless] executed "ensure "lvc_fleet""
[22:29:04][CBayless] executed "RESTART SERVER"

================================================================
======== txAdmin v7.1.0 atop fxserver 7900 Starting - 14.4.2024, 22:30:17
================================================================
[22:32:47][CBayless] executed "ensure "lvc_fleet""

================================================================
======== txAdmin v7.1.0 atop fxserver 7900 Starting - 14.4.2024, 22:34:27
================================================================
[22:40:49][CBayless] executed "ensure "lvc_fleet""
[22:41:01][CBayless] executed "ensure "lvc_fleet""
[22:43:57][CBayless] executed "ensure "siren-leo""
[22:44:00][CBayless] executed "ensure "lvc_fleet""

================================================================
======== txAdmin v7.1.0 atop fxserver 7900 Starting - 14.4.2024, 22:47:38
================================================================
[05:00:45][SCHEDULER] Restarting server (scheduled restart at 05:00).
[12:00:56][SCHEDULER] Restarting server (scheduled restart at 12:00).
[03:28:52][CBayless] executed "ensure "ghc""
[03:53:23][CBayless] Warned player [4] wolfyjnk: do u really smell me
[04:05:22][GShepGames] Warned player [4] wolfyjnk: Distraction
[04:24:03][CBayless] executed "refresh"
[04:24:13][CBayless] executed "ensure "roads""
[04:29:10][CBayless] executed "refresh"
[04:30:02][CBayless] executed "refresh"
[04:30:08][CBayless] executed "ensure "SSPD""
[04:33:30][CBayless] executed "stop "SSPD""
[04:35:32][CBayless] executed "refresh"
[04:35:36][CBayless] executed "ensure "SSPD""
[04:41:26][CBayless] executed "refresh"
[04:41:29][CBayless] executed "ensure "Sandymedical""
[05:00:31][SCHEDULER] Restarting server (scheduled restart at 05:00).
[05:38:51][CBayless] executed "refresh"
[05:38:59][CBayless] executed "ensure "eup-stream""
[05:39:09][CBayless] executed "ensure "eup-ui""

================================================================
======== txAdmin v7.1.0 atop fxserver 7900 Starting - 16.4.2024, 05:41:52
================================================================
[05:58:53][CBayless] executed "refresh"
[05:58:56][CBayless] executed "ensure "holster""
[06:01:45][CBayless] executed "ensure "holster""
[06:28:35][CBayless] executed "refresh"
[06:29:56][CBayless] executed "refresh"
[06:29:59][CBayless] executed "ensure "onex-spawn""
[06:30:02][CBayless] executed "ensure "onex-spawn""
[12:00:01][SCHEDULER] Restarting server (scheduled restart at 12:00).
[03:09:07][ARebelSoul] logged in from 69.162.231.16 via password
[03:25:38][ARebelSoul] executed "ensure "ghc""
[03:25:46][ARebelSoul] executed "refresh"
[03:25:52][ARebelSoul] executed "ensure "ghc""
[03:28:22][ARebelSoul] executed "RESTART SERVER"
[03:41:55][ARebelSoul] executed "refresh"
[04:16:51][CBayless] executed "refresh"
[04:17:18][CBayless] executed "refresh"
[04:18:04][CBayless] executed "refresh"
[04:19:58][CBayless] executed "refresh"
[04:20:03][CBayless] executed "ensure "ghc""
[04:21:09][CBayless] executed "refresh"
[04:21:19][CBayless] executed "ensure "ghc""
[04:22:27][CBayless] executed "refresh"
[04:23:02][CBayless] executed "refresh"
[04:23:52][CBayless] executed "refresh"
[04:24:07][CBayless] executed "refresh"
[04:26:26][CBayless] executed "refresh"
[04:26:27][ARebelSoul] executed "refresh"
[04:26:34][ARebelSoul] executed "ensure "eup""
[04:26:41][CBayless] executed "ensure "eup""
[04:26:44][CBayless] executed "ensure "eup""

================================================================
======== txAdmin v7.1.0 atop fxserver 7917 Starting - 17.4.2024, 04:28:25
================================================================
[04:28:35][ARebelSoul] logged in from 69.162.231.16 via password
[04:43:47][CBayless] executed "ensure "eup""
[04:43:55][CBayless] executed "ensure "eup""
[05:00:25][SCHEDULER] Restarting server (scheduled restart at 05:00).

================================================================
======== txAdmin v7.1.0 atop fxserver 7917 Starting - 17.4.2024, 06:00:17
================================================================
[06:01:16][MONITOR] Restarting server (server partial hang detected).
[06:06:45][CBayless] executed "refresh"
[06:06:53][CBayless] executed "ensure "eup""
[06:12:09][CBayless] executed "refresh"
[06:12:13][CBayless] executed "ensure "eup""
[06:12:20][CBayless] executed "ensure "eup""

================================================================
======== txAdmin v7.1.0 atop fxserver 7917 Starting - 17.4.2024, 06:15:05
================================================================
[06:19:24][CBayless] executed "stop "eup""
[06:20:15][CBayless] executed "ensure "eup""

================================================================
======== txAdmin v7.1.0 atop fxserver 7917 Starting - 17.4.2024, 06:23:43
================================================================
[06:25:48][CBayless] executed "ensure "eup""

================================================================
======== txAdmin v7.1.0 atop fxserver 7917 Starting - 17.4.2024, 06:30:45
================================================================

================================================================
======== txAdmin v7.1.0 atop fxserver 7917 Starting - 17.4.2024, 07:38:29
================================================================

================================================================
======== txAdmin v7.1.0 atop fxserver 7917 Starting - 17.4.2024, 07:41:29
================================================================
[07:46:15][CBayless] executed "stop "eup""
[07:46:23][CBayless] executed "ensure "eup""
[07:47:25][ARebelSoul] logged in from 69.162.231.16 via password
[07:47:57][CBayless] executed "refresh"
[07:48:06][CBayless] executed "ensure "eup""
[07:48:13][CBayless] executed "ensure "eup""

================================================================
======== txAdmin v7.1.0 atop fxserver 7917 Starting - 17.4.2024, 07:52:32
================================================================
[12:00:36][SCHEDULER] Restarting server (scheduled restart at 12:00).
