
================================================================
======== Log Rotated - 2.5.2024, 00:00:00                       
================================================================
[01:13:17] [dDneD#18] ..: joined with identifiers [license:98b78a42608ce6d2a95c49d9708527addebf6a00; xbl:2535442783661638; live:914801225178086; discord:202328013012992000; fivem:190111; license2:e903e2502dc8373d0d707142543c92c0084201ff]
[01:16:46] [dDneD#18] ..: disconnected (Exiting)
[02:54:17] [dDneD#19] Zeus: joined with identifiers [license:12917c2cd33dd86c00984cc70401b8cb34ea4cb6; xbl:2535449672425462; live:844429168889613; discord:989365022717272184; fivem:7462030; license2:8e74bcc270b1f5db29572a22e55834712c23583f]
[02:57:49] [dDneD#19] Zeus: disconnected (Exiting)
[06:01:48] [dDneD#20] C. Bayless: joined with identifiers [license:45337f83c46ab97f4302aa4b204e155d3dfafc3d; xbl:2535430136917908; live:914801208190644; discord:477193248767475733; license2:0f07259eaec3bd6ffb57f179184a606e7ef5868a]
[06:16:47] [dDneD#20] C. Bayless: deleted a vehicle
[06:23:47] [dDneD#20] C. Bayless: deleted a vehicle
[06:24:26] [dDneD#20] C. Bayless: deleted a vehicle
[06:30:44] [dDneD#20] C. Bayless: deleted a vehicle
[06:31:05] [dDneD#20] C. Bayless: spawned a vehicle (model: dps22tahoegrap)
[06:31:18] [dDneD#20] C. Bayless: deleted a vehicle
[06:35:25] [dDneD#20] C. Bayless: spawned a vehicle (model: dps22tahoegrap)
[06:36:56] [dDneD#20] C. Bayless: deleted a vehicle
[06:38:03] [dDneD#20] C. Bayless: deleted a vehicle
[06:44:27] [dDneD#20] C. Bayless: deleted a vehicle
[06:49:47] [dDneD#20] C. Bayless: deleted a vehicle
[06:50:35] [dDneD#20] C. Bayless: deleted a vehicle
[06:53:27] [dDneD#20] C. Bayless: deleted a vehicle
[06:54:14] [dDneD#20] C. Bayless: deleted a vehicle
[06:55:04] [dDneD#20] C. Bayless: deleted a vehicle
[06:57:09] [dDneD#20] C. Bayless: deleted a vehicle
[06:57:24] [dDneD#20] C. Bayless: spawned a vehicle (model: dps22tahoegrap)
[06:59:14] [dDneD#20] C. Bayless: deleted a vehicle
[07:01:23] [dDneD#20] C. Bayless: deleted a vehicle
[07:01:23] [dDneD#20] C. Bayless: deleted a vehicle
[07:02:28] [dDneD#20] C. Bayless: deleted a vehicle
[07:04:10] [dDneD#20] C. Bayless: deleted a vehicle
[07:05:24] [dDneD#20] C. Bayless: deleted a vehicle
[07:08:03] [dDneD#20] C. Bayless: deleted a vehicle
[07:10:07] [dDneD#20] C. Bayless: deleted a vehicle
[07:11:41] [dDneD#20] C. Bayless: deleted a vehicle
[07:12:56] [dDneD#20] C. Bayless: deleted a vehicle
[07:15:12] [dDneD#20] C. Bayless: deleted a vehicle
[07:16:54] [dDneD#20] C. Bayless: deleted a vehicle
[07:17:42] [dDneD#20] C. Bayless: deleted a vehicle
[07:19:12] [dDneD#20] C. Bayless: healed themself
[07:20:28] [dDneD#20] C. Bayless: deleted a vehicle
[07:23:52] [dDneD#20] C. Bayless: deleted a vehicle
[07:27:26] [dDneD#20] C. Bayless: deleted a vehicle
[07:29:44] [dDneD#20] C. Bayless: deleted a vehicle
[07:32:50] [dDneD#20] C. Bayless: disconnected (Exiting)
