
================================================================
======== Log Rotated - 1.5.2024, 00:00:00                       
================================================================
[00:47:48] [dDneD#2] C. Bayless: joined with identifiers [license:45337f83c46ab97f4302aa4b204e155d3dfafc3d; xbl:2535430136917908; live:914801208190644; discord:477193248767475733; license2:0f07259eaec3bd6ffb57f179184a606e7ef5868a]
[00:50:42] [dDneD#2] C. Bayless: spawned a vehicle (model: dps22tahoegrap)
[00:55:02] [dDneD#2] C. Bayless: deleted a vehicle
[00:55:20] [dDneD#2] C. Bayless: spawned a vehicle (model: dps22tahoegrap)
[00:55:45] [dDneD#2] C. Bayless: deleted a vehicle
[00:56:04] [dDneD#2] C. Bayless: spawned a vehicle (model: dps22tahoegrap)
[00:57:06] [dDneD#2] C. Bayless: deleted a vehicle
[00:57:22] [dDneD#2] C. Bayless: spawned a vehicle (model: dps22tahoegrap)
[00:59:20] [dDneD#2] C. Bayless: repaired their vehicle
[00:59:21] [dDneD#2] C. Bayless: deleted a vehicle
[00:59:42] [dDneD#2] C. Bayless: spawned a vehicle (model: dps22tahoegrap)
[01:00:08] [dDneD#2] C. Bayless: deleted a vehicle
[01:00:27] [dDneD#2] C. Bayless: spawned a vehicle (model: dps22tahoegrap)
[01:00:50] [dDneD#2] C. Bayless: deleted a vehicle
[01:01:23] [dDneD#2] C. Bayless: spawned a vehicle (model: dps22tahoegrap)
[01:02:57] [dDneD#2] C. Bayless: deleted a vehicle
[01:03:10] [dDneD#2] C. Bayless: spawned a vehicle (model: dps22tahoegrap)
[01:03:22] [dDneD#2] C. Bayless: deleted a vehicle
[01:03:50] [dDneD#2] C. Bayless: spawned a vehicle (model: dps22tahoegrap)
[01:07:11] [dDneD#2] C. Bayless: disconnected (Game crashed: GTA5_b2944.exe!sub_1416606F0 (0x43))
[01:12:08] [dDneD#3] C. Bayless: joined with identifiers [license:45337f83c46ab97f4302aa4b204e155d3dfafc3d; xbl:2535430136917908; live:914801208190644; discord:477193248767475733; license2:0f07259eaec3bd6ffb57f179184a606e7ef5868a]
[01:13:18] [dDneD#3] C. Bayless: spawned a vehicle (model: dps22tahoegrap)
[01:13:35] [dDneD#3] C. Bayless: deleted a vehicle
[01:16:58] [dDneD#3] C. Bayless: spawned a vehicle (model: phoenixtah6)
[01:17:57] [dDneD#3] C. Bayless: died from suicide (Falling)
[01:18:03] [dDneD#3] C. Bayless: healed themself
[01:18:31] [dDneD#3] C. Bayless: spawned a vehicle (model: mcsou1)
[01:23:00] [dDneD#3] C. Bayless: deleted a vehicle
[01:23:02] [dDneD#3] C. Bayless: disconnected (Exiting)
[03:22:31] [dDneD#4] C. Bayless: joined with identifiers [license:45337f83c46ab97f4302aa4b204e155d3dfafc3d; xbl:2535430136917908; live:914801208190644; discord:477193248767475733; license2:0f07259eaec3bd6ffb57f179184a606e7ef5868a]
[03:23:45] [dDneD#4] C. Bayless: spawned a vehicle (model: dps22tahoegrap)
[03:29:43] [dDneD#4] C. Bayless: deleted a vehicle
[03:29:45] [dDneD#4] C. Bayless: disconnected (Exiting)
[03:42:05] [dDneD#5] C. Bayless: joined with identifiers [license:45337f83c46ab97f4302aa4b204e155d3dfafc3d; xbl:2535430136917908; live:914801208190644; discord:477193248767475733; license2:0f07259eaec3bd6ffb57f179184a606e7ef5868a]
[03:47:54] [dDneD#5] C. Bayless: spawned a vehicle (model: dps22tahoegrap)
[03:51:06] [dDneD#5] C. Bayless: repaired their vehicle
[03:51:07] [dDneD#5] C. Bayless: repaired their vehicle
[03:51:09] [dDneD#5] C. Bayless: repaired their vehicle
[03:51:09] [dDneD#5] C. Bayless: repaired their vehicle
[03:51:09] [dDneD#5] C. Bayless: repaired their vehicle
[03:51:09] [dDneD#5] C. Bayless: repaired their vehicle
[03:51:09] [dDneD#5] C. Bayless: repaired their vehicle
[03:51:11] [dDneD#5] C. Bayless: repaired their vehicle
[03:53:40] [dDneD#6] ARebelSoul: joined with identifiers [license:e4e054b7af74487e222361e0801dafdfdee7d7bc; xbl:2535432762160111; live:1055521760837387; discord:916527930820132884; fivem:2406591; license2:27d5b911469b798af5066de231a1c165d9eb9cc5]
[03:54:42] [dDneD#5] C. Bayless: said "/adin"
[03:55:04] [dDneD#6] ARebelSoul: started spectating player [#5] C. Bayless
[03:56:38] [dDneD#6] ARebelSoul: enabled noclip
[03:56:40] [dDneD#6] ARebelSoul: became mortal (standard mode)
[03:56:44] [dDneD#6] ARebelSoul: enabled noclip
[03:58:04] [dDneD#6] ARebelSoul: became mortal (standard mode)
[03:59:59] [dDneD#5] C. Bayless: said "/admin'"
[04:00:29] [dDneD#7] wolfyjnk: joined with identifiers [license:de530fd9feb3ccb587dcc99291ae8383204ea340; xbl:2535463632776280; live:1055521865117291; discord:428047671983341568; license2:69fc8d9e64cde1784a43dff426298b3b2d1c7029]
[04:07:50] [dDneD#6] ARebelSoul: enabled noclip
[04:22:25] [dDneD#7] wolfyjnk: disconnected (Game crashed: GTA5_b2944.exe!sub_140929C84 (0x33))
[04:22:32] [dDneD#6] ARebelSoul: disconnected (Game crashed: GTA5_b2944.exe!sub_140929C84 (0x33))
[04:23:16] [dDneD#8] ARebelSoul: joined with identifiers [license:e4e054b7af74487e222361e0801dafdfdee7d7bc; xbl:2535432762160111; live:1055521760837387; discord:916527930820132884; fivem:2406591; license2:27d5b911469b798af5066de231a1c165d9eb9cc5]
[04:23:17] [dDneD#5] C. Bayless: disconnected (Game crashed: GTA5_b2944.exe!sub_140929C84 (0x33))
[04:23:31] [dDneD#9] wolfyjnk: joined with identifiers [license:de530fd9feb3ccb587dcc99291ae8383204ea340; xbl:2535463632776280; live:1055521865117291; discord:428047671983341568; license2:69fc8d9e64cde1784a43dff426298b3b2d1c7029]
[04:23:52] [dDneD#8] ARebelSoul: enabled noclip
[04:23:57] [dDneD#10] C. Bayless: joined with identifiers [license:45337f83c46ab97f4302aa4b204e155d3dfafc3d; xbl:2535430136917908; live:914801208190644; discord:477193248767475733; license2:0f07259eaec3bd6ffb57f179184a606e7ef5868a]
[04:24:11] [dDneD#8] ARebelSoul: became mortal (standard mode)
[04:24:33] [dDneD#8] ARebelSoul: enabled noclip
[04:24:37] [dDneD#8] ARebelSoul: became mortal (standard mode)
[04:25:58] [dDneD#10] C. Bayless: spawned a vehicle (model: dps22tahoegrap)
[04:27:06] [dDneD#10] C. Bayless: deleted a vehicle
[04:36:11] [dDneD#8] ARebelSoul: enabled noclip
[04:37:30] [dDneD#8] ARebelSoul: became mortal (standard mode)
[04:37:38] [dDneD#8] ARebelSoul: summoned player [#9] wolfyjnk
[04:38:05] [dDneD#8] ARebelSoul: enabled noclip
[04:38:06] [dDneD#10] C. Bayless: teleported to player [#8] ARebelSoul (x=395.142, y=-1620.000, z=29.280)
[04:38:11] [dDneD#8] ARebelSoul: became mortal (standard mode)
[04:38:12] [dDneD#8] ARebelSoul: enabled noclip
[04:38:13] [dDneD#8] ARebelSoul: became mortal (standard mode)
[04:38:13] [dDneD#8] ARebelSoul: enabled noclip
[04:38:14] [dDneD#8] ARebelSoul: became mortal (standard mode)
[04:38:14] [dDneD#8] ARebelSoul: enabled noclip
[04:38:14] [dDneD#8] ARebelSoul: became mortal (standard mode)
[04:38:14] [dDneD#8] ARebelSoul: enabled noclip
[04:38:14] [dDneD#8] ARebelSoul: became mortal (standard mode)
[04:38:16] [dDneD#8] ARebelSoul: enabled noclip
[04:38:58] [dDneD#8] ARebelSoul: turned show player IDs on
[04:39:08] [dDneD#8] ARebelSoul: became mortal (standard mode)
[04:39:11] [dDneD#8] ARebelSoul: turned show player IDs off
[04:39:14] [dDneD#8] ARebelSoul: enabled noclip
[04:39:14] [dDneD#8] ARebelSoul: became mortal (standard mode)
[04:39:46] [dDneD#10] C. Bayless: enabled noclip
[04:39:52] [dDneD#10] C. Bayless: disconnected (Game crashed: GTA5_b2944.exe!sub_140929C84 (0x33))
[04:40:03] [dDneD#8] ARebelSoul: disconnected (Exiting)
[04:40:07] [dDneD#9] wolfyjnk: disconnected (Exiting)
[04:45:17] [dDneD#11] C. Bayless: joined with identifiers [license:45337f83c46ab97f4302aa4b204e155d3dfafc3d; xbl:2535430136917908; live:914801208190644; discord:477193248767475733; license2:0f07259eaec3bd6ffb57f179184a606e7ef5868a]
[04:46:17] [dDneD#11] C. Bayless: enabled noclip
[04:46:45] [dDneD#11] C. Bayless: became mortal (standard mode)
[04:47:25] [dDneD#12] wolfyjnk: joined with identifiers [license:de530fd9feb3ccb587dcc99291ae8383204ea340; xbl:2535463632776280; live:1055521865117291; discord:428047671983341568; license2:69fc8d9e64cde1784a43dff426298b3b2d1c7029]
[04:48:07] [dDneD#11] C. Bayless: summoned player [#12] wolfyjnk
[04:48:23] [dDneD#11] C. Bayless: summoned player [#12] wolfyjnk
[04:50:23] [dDneD#11] C. Bayless: enabled noclip
[04:50:41] [dDneD#11] C. Bayless: disconnected (Game crashed: GTA5_b2944.exe!sub_140929C84 (0x33))
[04:54:08] [dDneD#13] ARebelSoul: joined with identifiers [license:e4e054b7af74487e222361e0801dafdfdee7d7bc; xbl:2535432762160111; live:1055521760837387; discord:916527930820132884; fivem:2406591; license2:27d5b911469b798af5066de231a1c165d9eb9cc5]
[04:55:17] [dDneD#14] C. Bayless: joined with identifiers [license:45337f83c46ab97f4302aa4b204e155d3dfafc3d; xbl:2535430136917908; live:914801208190644; discord:477193248767475733; license2:0f07259eaec3bd6ffb57f179184a606e7ef5868a]
[04:56:41] [dDneD#14] C. Bayless: summoned player [#13] ARebelSoul
[04:56:46] [dDneD#13] ARebelSoul: enabled noclip
[04:56:49] [dDneD#14] C. Bayless: teleported to player [#12] wolfyjnk (x=2493.904, y=-357.824, z=84.278)
[04:57:00] [dDneD#13] ARebelSoul: teleported to player [#12] wolfyjnk (x=2496.040, y=-357.164, z=93.208)
[04:57:02] [dDneD#13] ARebelSoul: became mortal (standard mode)
[04:59:03] [dDneD#13] ARebelSoul: enabled noclip
[04:59:04] [dDneD#13] ARebelSoul: became mortal (standard mode)
[04:59:05] [dDneD#13] ARebelSoul: enabled noclip
[04:59:07] [dDneD#13] ARebelSoul: became mortal (standard mode)
[04:59:07] [dDneD#13] ARebelSoul: enabled noclip
[04:59:09] [dDneD#13] ARebelSoul: became mortal (standard mode)
[04:59:10] [dDneD#13] ARebelSoul: died from Fist by C. Bayless
[04:59:21] [dDneD#14] C. Bayless: enabled noclip
[04:59:28] [dDneD#14] C. Bayless: enabled god mode
[04:59:34] [dDneD#12] wolfyjnk: died from Fist by C. Bayless
[04:59:36] [dDneD#14] C. Bayless: died from Fist by ARebelSoul
[04:59:41] [dDneD#14] C. Bayless: healed themself
[04:59:49] [dDneD#13] ARebelSoul: enabled noclip
[05:00:04] [dDneD#13] ARebelSoul: became mortal (standard mode)
[05:00:06] [dDneD#14] C. Bayless: enabled noclip
[05:00:09] [dDneD#14] C. Bayless: became mortal (standard mode)
[05:02:00] [dDneD#13] ARebelSoul: enabled noclip
[05:02:03] [dDneD#14] C. Bayless: enabled noclip
[05:02:21] [dDneD#13] ARebelSoul: became mortal (standard mode)
[05:02:22] [dDneD#13] ARebelSoul: enabled noclip
[05:02:24] [dDneD#14] C. Bayless: became mortal (standard mode)
[05:02:27] [dDneD#13] ARebelSoul: became mortal (standard mode)
[05:04:19] [dDneD#13] ARebelSoul: enabled noclip
[05:05:13] [dDneD#13] ARebelSoul: became mortal (standard mode)
[05:06:05] [dDneD#14] C. Bayless: enabled noclip
[05:06:07] [dDneD#14] C. Bayless: became mortal (standard mode)
[05:15:22] [dDneD#13] ARebelSoul: enabled noclip
[05:15:24] [dDneD#13] ARebelSoul: became mortal (standard mode)
[05:21:58] [dDneD#12] wolfyjnk: said "/hooid"
[05:37:25] [dDneD#14] C. Bayless: disconnected (Exiting)
[05:41:49] [dDneD#13] ARebelSoul: enabled noclip
[05:41:55] [dDneD#13] ARebelSoul: became mortal (standard mode)
[05:42:02] [dDneD#13] ARebelSoul: teleported to player [#12] wolfyjnk (x=-330.264, y=6084.408, z=31.454)
[05:43:00] [dDneD#13] ARebelSoul: died from Hatchet by wolfyjnk
[05:43:49] [dDneD#12] wolfyjnk: said "/sling1"
[05:44:18] [dDneD#15] GShep Games: joined with identifiers [license:cd2a34df2895549815ab458d493b3de41c6acc99; xbl:2535444190322569; live:914797973510094; discord:490990536614739969; license2:e3214e1fd2283e8630114b60ff82fe4a28e8ab36]
[05:49:04] [dDneD#12] wolfyjnk: caused an explosion (STICKYBOMB)
[05:49:04] [dDneD#13] ARebelSoul: caused an explosion (TRUCK)
[05:52:00] [dDneD#13] ARebelSoul: enabled noclip
[05:52:27] [dDneD#13] ARebelSoul: became mortal (standard mode)
[05:58:40] [dDneD#15] GShep Games: disconnected (Game crashed: GTA5_b2944.exe!sub_140929C84 (0x33))
[05:58:40] [dDneD#13] ARebelSoul: disconnected (Game crashed: GTA5_b2944.exe!sub_140929C84 (0x33))
[05:58:42] [dDneD#12] wolfyjnk: disconnected (Game crashed: GTA5_b2944.exe!sub_140929C84 (0x33))
[05:59:05] [dDneD#16] ARebelSoul: joined with identifiers [license:e4e054b7af74487e222361e0801dafdfdee7d7bc; xbl:2535432762160111; live:1055521760837387; discord:916527930820132884; fivem:2406591; license2:27d5b911469b798af5066de231a1c165d9eb9cc5]
[05:59:12] [dDneD#17] wolfyjnk: joined with identifiers [license:de530fd9feb3ccb587dcc99291ae8383204ea340; xbl:2535463632776280; live:1055521865117291; discord:428047671983341568; license2:69fc8d9e64cde1784a43dff426298b3b2d1c7029]
[06:01:05] [dDneD#16] ARebelSoul: enabled noclip
[06:01:24] [dDneD#16] ARebelSoul: became mortal (standard mode)
[06:02:41] [dDneD#16] ARebelSoul: enabled noclip
[06:08:26] [dDneD#16] ARebelSoul: said "/quti"
[06:08:26] [dDneD#16] ARebelSoul: disconnected (Exiting)
[06:08:58] [dDneD#17] wolfyjnk: said "/eng"
[06:09:14] [dDneD#17] wolfyjnk: said "/eng"
[06:15:23] [dDneD#17] wolfyjnk: said "/scarf"
[06:20:28] [dDneD#17] wolfyjnk: disconnected (Exiting)
