
================================================================
======== Log Rotated - 28.4.2024, 00:00:00                      
================================================================
[04:30:57] txAdmin: ((Broadcast) txAdmin): said "This server is scheduled to restart in 30 minutes."
[04:44:42] [7aEzk#1] C. Bayless: joined with identifiers [steam:11000013ec30a0d; license:45337f83c46ab97f4302aa4b204e155d3dfafc3d; xbl:2535430136917908; live:914801208190644; discord:477193248767475733; license2:0f07259eaec3bd6ffb57f179184a606e7ef5868a]
[04:45:58] txAdmin: ((Broadcast) txAdmin): said "This server is scheduled to restart in 15 minutes."
[04:46:48] [7aEzk#1] C. Bayless: said "/dsv"
[04:46:49] [7aEzk#1] C. Bayless: said "/dv"
[04:50:58] txAdmin: ((Broadcast) txAdmin): said "This server is scheduled to restart in 10 minutes."
[04:59:12] [7aEzk#1] C. Bayless: said "/dv"
[05:10:08] [7aEzk#1] C. Bayless: disconnected (Couldn't load resource AZDPS: Couldn't load resource AZDPS from resources:/AZDPS/: Could not open re)
[06:46:05] txAdmin: Logger started
[06:52:24] [r3xVi#1] ARebelSoul: joined with identifiers [license:e4e054b7af74487e222361e0801dafdfdee7d7bc; xbl:2535432762160111; live:1055521760837387; discord:916527930820132884; fivem:2406591; license2:27d5b911469b798af5066de231a1c165d9eb9cc5]
[06:55:54] [r3xVi#1] ARebelSoul: enabled noclip
[06:55:59] [r3xVi#1] ARebelSoul: became mortal (standard mode)
[06:56:50] [r3xVi#1] ARebelSoul: disconnected (Exiting)
[06:58:40] [r3xVi#2] ARebelSoul: joined with identifiers [license:e4e054b7af74487e222361e0801dafdfdee7d7bc; xbl:2535432762160111; live:1055521760837387; discord:916527930820132884; fivem:2406591; license2:27d5b911469b798af5066de231a1c165d9eb9cc5]
[06:59:19] [r3xVi#2] ARebelSoul: said "/emote"
[06:59:21] [r3xVi#2] ARebelSoul: said "/e sit"
[06:59:31] [r3xVi#2] ARebelSoul: turned show player IDs on
[06:59:38] [r3xVi#2] ARebelSoul: turned show player IDs off
[07:03:43] [r3xVi#3] C. Bayless: joined with identifiers [license:45337f83c46ab97f4302aa4b204e155d3dfafc3d; xbl:2535430136917908; live:914801208190644; discord:477193248767475733; license2:0f07259eaec3bd6ffb57f179184a606e7ef5868a]
[07:06:22] [r3xVi#2] ARebelSoul: summoned player [#3] C. Bayless
[07:06:46] [r3xVi#2] ARebelSoul: enabled noclip
[07:06:48] [r3xVi#2] ARebelSoul: became mortal (standard mode)
[07:08:13] [r3xVi#3] C. Bayless: disconnected (Exiting)
[07:09:55] [r3xVi#4] C. Bayless: joined with identifiers [license:45337f83c46ab97f4302aa4b204e155d3dfafc3d; xbl:2535430136917908; live:914801208190644; discord:477193248767475733; license2:0f07259eaec3bd6ffb57f179184a606e7ef5868a]
[07:11:35] [r3xVi#4] C. Bayless: died from Fist by ARebelSoul
[07:17:46] [r3xVi#2] ARebelSoul: said "/admih"
[07:22:57] [r3xVi#4] C. Bayless: said "/repair"
[07:25:29] [r3xVi#2] ARebelSoul: said ".job"
[07:29:08] [r3xVi#2] ARebelSoul: caused an explosion (CAR)
[07:30:56] [r3xVi#4] C. Bayless: caused an explosion (PLANE)
[07:30:57] [r3xVi#4] C. Bayless: died from suicide (Explosion)
[07:31:04] [r3xVi#4] C. Bayless: healed themself
[07:40:52] [r3xVi#4] C. Bayless: disconnected (Exiting)
[07:45:12] [r3xVi#2] ARebelSoul: died from suicide (Falling)
[07:45:19] [r3xVi#2] ARebelSoul: healed themself
[07:45:30] [r3xVi#2] ARebelSoul: disconnected (Exiting)
[09:10:23] txAdmin: Logger started
[09:14:47] txAdmin: Logger started
[09:15:16] [8ArTX#1] ARebelSoul: joined with identifiers [license:e4e054b7af74487e222361e0801dafdfdee7d7bc; xbl:2535432762160111; live:1055521760837387; discord:916527930820132884; fivem:2406591; license2:27d5b911469b798af5066de231a1c165d9eb9cc5]
[09:16:14] [8ArTX#1] ARebelSoul: spawned a vehicle (model: m20explorer)
[09:17:31] [8ArTX#1] ARebelSoul: spawned a vehicle (model: m20explorer)
[09:22:25] [8ArTX#1] ARebelSoul: spawned a vehicle (model: 18chargerslick)
[09:25:30] [8ArTX#1] ARebelSoul: disconnected (Exiting)
