
================================================================
======== Log Rotated - 27.4.2024, 00:00:00                      
================================================================
[04:18:03] [XPnJn#1] C. Bayless: joined with identifiers [steam:11000013ec30a0d; license:45337f83c46ab97f4302aa4b204e155d3dfafc3d; xbl:2535430136917908; live:914801208190644; license2:0f07259eaec3bd6ffb57f179184a606e7ef5868a]
[04:19:27] [XPnJn#1] C. Bayless: said "/txt"
[04:19:28] [XPnJn#1] C. Bayless: said "/txt"
[04:19:28] [XPnJn#1] C. Bayless: said "/txt"
[04:19:37] [XPnJn#1] C. Bayless: disconnected (Exiting)
[04:20:14] [XPnJn#2] C. Bayless: joined with identifiers [steam:11000013ec30a0d; license:45337f83c46ab97f4302aa4b204e155d3dfafc3d; xbl:2535430136917908; live:914801208190644; license2:0f07259eaec3bd6ffb57f179184a606e7ef5868a]

================================================================
======== txAdmin Starting - 27.4.2024, 04:25:19                 
================================================================
[04:25:26] txAdmin: Logger started
[04:26:43] [Hgatj#1] C. Bayless: joined with identifiers [steam:11000013ec30a0d; license:45337f83c46ab97f4302aa4b204e155d3dfafc3d; xbl:2535430136917908; live:914801208190644; discord:477193248767475733; license2:0f07259eaec3bd6ffb57f179184a606e7ef5868a]
[04:30:14] [Hgatj#1] C. Bayless: said "/dv"
[04:30:16] [Hgatj#1] C. Bayless: disconnected (Exiting)
[04:30:19] txAdmin: ((Broadcast) txAdmin): said "This server is scheduled to restart in 30 minutes."

================================================================
======== txAdmin Starting - 27.4.2024, 04:32:29                 
================================================================
[04:32:36] txAdmin: Logger started
[04:32:43] [PqYJk#1] C. Bayless: joined with identifiers [steam:11000013ec30a0d; license:45337f83c46ab97f4302aa4b204e155d3dfafc3d; xbl:2535430136917908; live:914801208190644; discord:477193248767475733; license2:0f07259eaec3bd6ffb57f179184a606e7ef5868a]
[04:45:30] txAdmin: ((Broadcast) txAdmin): said "This server is scheduled to restart in 15 minutes."
[04:50:29] txAdmin: ((Broadcast) txAdmin): said "This server is scheduled to restart in 10 minutes."
[04:55:30] txAdmin: ((Broadcast) txAdmin): said "This server is scheduled to restart in 5 minutes."
[04:56:30] txAdmin: ((Broadcast) txAdmin): said "This server is scheduled to restart in 4 minutes."
[04:57:30] txAdmin: ((Broadcast) txAdmin): said "This server is scheduled to restart in 3 minutes."
[04:58:30] txAdmin: ((Broadcast) txAdmin): said "This server is scheduled to restart in 2 minutes."
[04:59:30] txAdmin: ((Broadcast) txAdmin): said "This server is scheduled to restart in 1 minute. Please disconnect now."
[05:00:29] [PqYJk#1] C. Bayless: disconnected ([txAdmin] Server restarting (scheduled restart at 05:00).)
[05:00:42] txAdmin: Logger started
[05:03:08] [zbNhz#1] C. Bayless: joined with identifiers [steam:11000013ec30a0d; license:45337f83c46ab97f4302aa4b204e155d3dfafc3d; xbl:2535430136917908; live:914801208190644; discord:477193248767475733; license2:0f07259eaec3bd6ffb57f179184a606e7ef5868a]
[05:16:57] [zbNhz#1] C. Bayless: said "/dv"
[05:16:59] [zbNhz#1] C. Bayless: said "/dv"
[05:56:09] [zbNhz#1] C. Bayless: said "/dv"
[06:02:23] [zbNhz#1] C. Bayless: said "/dv"
[06:02:26] [zbNhz#1] C. Bayless: disconnected (Exiting)

================================================================
======== txAdmin Starting - 27.4.2024, 06:03:17                 
================================================================
[06:03:24] txAdmin: Logger started
[06:06:15] [bzFXm#1] C. Bayless: joined with identifiers [steam:11000013ec30a0d; license:45337f83c46ab97f4302aa4b204e155d3dfafc3d; xbl:2535430136917908; live:914801208190644; discord:477193248767475733; license2:0f07259eaec3bd6ffb57f179184a606e7ef5868a]
[06:17:34] [bzFXm#1] C. Bayless: said "/DV"
[06:17:37] [bzFXm#1] C. Bayless: disconnected (Exiting)
[11:30:25] txAdmin: ((Broadcast) txAdmin): said "This server is scheduled to restart in 30 minutes."
[11:45:25] txAdmin: ((Broadcast) txAdmin): said "This server is scheduled to restart in 15 minutes."
[11:50:26] txAdmin: ((Broadcast) txAdmin): said "This server is scheduled to restart in 10 minutes."
[11:55:26] txAdmin: ((Broadcast) txAdmin): said "This server is scheduled to restart in 5 minutes."
[11:56:26] txAdmin: ((Broadcast) txAdmin): said "This server is scheduled to restart in 4 minutes."
[11:57:25] txAdmin: ((Broadcast) txAdmin): said "This server is scheduled to restart in 3 minutes."
[11:58:26] txAdmin: ((Broadcast) txAdmin): said "This server is scheduled to restart in 2 minutes."
[11:59:26] txAdmin: ((Broadcast) txAdmin): said "This server is scheduled to restart in 1 minute. Please disconnect now."
[12:00:38] txAdmin: Logger started
