
================================================================
======== Log Rotated - 3.5.2024, 00:00:00                       
================================================================
[00:46:29] [dDneD#21] C. Bayless: joined with identifiers [license:45337f83c46ab97f4302aa4b204e155d3dfafc3d; xbl:2535430136917908; live:914801208190644; discord:477193248767475733; license2:0f07259eaec3bd6ffb57f179184a606e7ef5868a]
[00:52:31] [dDneD#21] C. Bayless: disconnected ([txAdmin] Server restarting (requested by CBayless).)
[00:52:46] txAdmin: Logger started
[00:53:35] [DNMij#1] C. Bayless: joined with identifiers [license:45337f83c46ab97f4302aa4b204e155d3dfafc3d; xbl:2535430136917908; live:914801208190644; discord:477193248767475733; license2:0f07259eaec3bd6ffb57f179184a606e7ef5868a]
[00:54:52] [DNMij#1] C. Bayless: spawned a vehicle (model: slick21charg)
[00:57:30] [DNMij#1] C. Bayless: spawned a vehicle (model: dps22tahoegrap)
[00:57:43] [DNMij#1] C. Bayless: said "/qradio12"
[00:57:44] [DNMij#1] C. Bayless: said "/qradio12"
[00:57:44] [DNMij#1] C. Bayless: said "/qradio12"
[00:57:45] [DNMij#1] C. Bayless: said "/qradio12"
[00:57:46] [DNMij#1] C. Bayless: said "/qradio13"
[00:57:46] [DNMij#1] C. Bayless: said "/qradio13"
[00:57:49] [DNMij#1] C. Bayless: said "/qradio8"
[00:57:51] [DNMij#1] C. Bayless: said "/qradio8"
[00:57:51] [DNMij#1] C. Bayless: said "/qradio12"
[00:57:52] [DNMij#1] C. Bayless: said "/qradio12"
[00:57:52] [DNMij#1] C. Bayless: said "/qradio8"
[00:57:59] [DNMij#1] C. Bayless: said "/qradio8"
[00:58:06] [DNMij#1] C. Bayless: said "/qradio7"
[00:58:10] [DNMij#1] C. Bayless: said "/qradio7"
[00:58:11] [DNMij#1] C. Bayless: said "/qradio7"
[00:58:11] [DNMij#1] C. Bayless: said "/qradio7"
[00:58:13] [DNMij#1] C. Bayless: said "/qradio12"
[00:58:14] [DNMij#1] C. Bayless: said "/qradio12"
[00:58:14] [DNMij#1] C. Bayless: said "/qradio12"
[00:58:15] [DNMij#1] C. Bayless: said "/qradio12"
[00:58:15] [DNMij#1] C. Bayless: said "/qradio13"
[00:58:19] [DNMij#1] C. Bayless: said "/qradio8"
[00:58:20] [DNMij#1] C. Bayless: said "/qradio12"
[00:58:21] [DNMij#1] C. Bayless: said "/qradio12"
[00:58:23] [DNMij#1] C. Bayless: said "/qradio13"
[00:58:23] [DNMij#1] C. Bayless: said "/qradio13"
[00:58:25] [DNMij#1] C. Bayless: said "/qradio7"
[00:58:25] [DNMij#1] C. Bayless: said "/qradio7"
[00:58:25] [DNMij#1] C. Bayless: said "/qradio7"
[00:58:27] [DNMij#1] C. Bayless: said "/qradio7"
[00:58:27] [DNMij#1] C. Bayless: said "/qradio7"
[00:58:31] [DNMij#1] C. Bayless: said "/qradio8"
[00:58:32] [DNMij#1] C. Bayless: said "/qradio12"
[00:58:32] [DNMij#1] C. Bayless: said "/qradio12"
[00:58:36] [DNMij#1] C. Bayless: said "/qradio8"
[00:58:36] [DNMij#1] C. Bayless: said "/qradio8"
[00:58:36] [DNMij#1] C. Bayless: said "/qradio12"
[00:58:36] [DNMij#1] C. Bayless: said "/qradio12"
[00:58:37] [DNMij#1] C. Bayless: said "/qradio13"
[00:58:37] [DNMij#1] C. Bayless: said "/qradio13"
[00:59:24] [DNMij#1] C. Bayless: deleted a vehicle
[01:00:03] [DNMij#1] C. Bayless: spawned a vehicle (model: slick21charg)
[01:00:05] [DNMij#1] C. Bayless: said "/qradio8"
[01:00:06] [DNMij#1] C. Bayless: said "/qradio8"
[01:00:06] [DNMij#1] C. Bayless: said "/qradio12"
[01:00:06] [DNMij#1] C. Bayless: said "/qradio13"
[01:00:07] [DNMij#1] C. Bayless: said "/qradio12"
[01:00:07] [DNMij#1] C. Bayless: said "/qradio8"
[01:01:08] [DNMij#1] C. Bayless: deleted a vehicle
[01:01:13] [DNMij#1] C. Bayless: spawned a vehicle (model: slick21charg)
[01:01:15] [DNMij#1] C. Bayless: said "/qradio8"
[01:01:15] [DNMij#1] C. Bayless: said "/qradio12"
[01:01:15] [DNMij#1] C. Bayless: said "/qradio8"
[01:01:16] [DNMij#1] C. Bayless: said "/qradio12"
[01:01:16] [DNMij#1] C. Bayless: said "/qradio8"
[01:01:16] [DNMij#1] C. Bayless: said "/qradio13"
[01:01:16] [DNMij#1] C. Bayless: said "/qradio8"
[01:02:58] [DNMij#1] C. Bayless: deleted a vehicle
[01:03:15] [DNMij#1] C. Bayless: spawned a vehicle (model: slick21charg)
[01:03:53] [DNMij#1] C. Bayless: deleted a vehicle
[01:05:13] [DNMij#1] C. Bayless: spawned a vehicle (model: slick21charg)
[01:07:26] [DNMij#1] C. Bayless: deleted a vehicle
[01:07:59] [DNMij#1] C. Bayless: spawned a vehicle (model: slick21charg)
[01:08:01] [DNMij#1] C. Bayless: said "/qradio8"
[01:08:01] [DNMij#1] C. Bayless: said "/qradio12"
[01:08:01] [DNMij#1] C. Bayless: said "/qradio13"
[01:08:02] [DNMij#1] C. Bayless: said "/qradio12"
[01:08:02] [DNMij#1] C. Bayless: said "/qradio8"
[01:08:02] [DNMij#1] C. Bayless: said "/qradio12"
[01:08:02] [DNMij#1] C. Bayless: said "/qradio8"
[01:08:02] [DNMij#1] C. Bayless: said "/qradio12"
[01:08:02] [DNMij#1] C. Bayless: said "/qradio13"
[01:08:02] [DNMij#1] C. Bayless: said "/qradio8"
[01:08:03] [DNMij#1] C. Bayless: said "/qradio12"
[01:08:03] [DNMij#1] C. Bayless: said "/qradio13"
[01:08:03] [DNMij#1] C. Bayless: said "/qradio8"
[01:08:54] [DNMij#1] C. Bayless: deleted a vehicle
[01:09:14] [DNMij#1] C. Bayless: spawned a vehicle (model: slick21charg)
[01:09:24] [DNMij#1] C. Bayless: said "/qradio8"
[01:09:24] [DNMij#1] C. Bayless: said "/qradio12"
[01:09:24] [DNMij#1] C. Bayless: said "/qradio13"
[01:09:24] [DNMij#1] C. Bayless: said "/qradio12"
[01:11:08] [DNMij#1] C. Bayless: deleted a vehicle
[01:11:24] [DNMij#1] C. Bayless: spawned a vehicle (model: slick21charg)
[01:12:30] [DNMij#1] C. Bayless: spawned a vehicle (model: dps22tahoegrap)
[01:12:33] [DNMij#1] C. Bayless: said "/qradio8"
[01:12:33] [DNMij#1] C. Bayless: said "/qradio12"
[01:12:34] [DNMij#1] C. Bayless: said "/qradio12"
[01:12:34] [DNMij#1] C. Bayless: said "/qradio12"
[01:12:34] [DNMij#1] C. Bayless: said "/qradio13"
[01:12:34] [DNMij#1] C. Bayless: said "/qradio8"
[01:12:34] [DNMij#1] C. Bayless: said "/qradio13"
[01:12:34] [DNMij#1] C. Bayless: said "/qradio12"
[01:12:34] [DNMij#1] C. Bayless: said "/qradio8"
[01:12:34] [DNMij#1] C. Bayless: said "/qradio13"
[01:12:34] [DNMij#1] C. Bayless: said "/qradio12"
[01:12:35] [DNMij#1] C. Bayless: said "/qradio8"
[01:12:35] [DNMij#1] C. Bayless: said "/qradio13"
[01:12:35] [DNMij#1] C. Bayless: said "/qradio12"
[01:12:35] [DNMij#1] C. Bayless: said "/qradio8"
[01:12:35] [DNMij#1] C. Bayless: said "/qradio13"
[01:12:35] [DNMij#1] C. Bayless: said "/qradio12"
[01:12:35] [DNMij#1] C. Bayless: said "/qradio8"
[01:12:35] [DNMij#1] C. Bayless: said "/qradio13"
[01:12:35] [DNMij#1] C. Bayless: said "/qradio12"
[01:12:35] [DNMij#1] C. Bayless: said "/qradio8"
[01:12:35] [DNMij#1] C. Bayless: said "/qradio13"
[01:12:35] [DNMij#1] C. Bayless: said "/qradio12"
[01:12:35] [DNMij#1] C. Bayless: said "/qradio8"
[01:12:36] [DNMij#1] C. Bayless: said "/qradio13"
[01:12:36] [DNMij#1] C. Bayless: said "/qradio12"
[01:12:36] [DNMij#1] C. Bayless: said "/qradio8"
[01:12:36] [DNMij#1] C. Bayless: said "/qradio13"
[01:12:36] [DNMij#1] C. Bayless: said "/qradio12"
[01:12:36] [DNMij#1] C. Bayless: said "/qradio8"
[01:12:36] [DNMij#1] C. Bayless: said "/qradio12"
[01:12:36] [DNMij#1] C. Bayless: said "/qradio13"
[01:12:36] [DNMij#1] C. Bayless: said "/qradio13"
[01:12:36] [DNMij#1] C. Bayless: said "/qradio12"
[01:12:37] [DNMij#1] C. Bayless: said "/qradio8"
[01:12:37] [DNMij#1] C. Bayless: said "/qradio13"
[01:12:37] [DNMij#1] C. Bayless: said "/qradio12"
[01:12:37] [DNMij#1] C. Bayless: said "/qradio8"
[01:12:37] [DNMij#1] C. Bayless: said "/qradio13"
[01:12:37] [DNMij#1] C. Bayless: said "/qradio12"
[01:12:37] [DNMij#1] C. Bayless: said "/qradio8"
[01:12:38] [DNMij#1] C. Bayless: said "/qradio13"
[01:12:38] [DNMij#1] C. Bayless: said "/qradio12"
[01:12:38] [DNMij#1] C. Bayless: said "/qradio13"
[01:12:38] [DNMij#1] C. Bayless: said "/qradio12"
[01:12:38] [DNMij#1] C. Bayless: said "/qradio13"
[01:12:38] [DNMij#1] C. Bayless: said "/qradio8"
[01:12:38] [DNMij#1] C. Bayless: said "/qradio13"
[01:12:38] [DNMij#1] C. Bayless: said "/qradio8"
[01:12:39] [DNMij#1] C. Bayless: said "/qradio13"
[01:12:39] [DNMij#1] C. Bayless: said "/qradio13"
[01:12:39] [DNMij#1] C. Bayless: said "/qradio8"
[01:12:39] [DNMij#1] C. Bayless: said "/qradio13"
[01:12:39] [DNMij#1] C. Bayless: said "/qradio8"
[01:12:39] [DNMij#1] C. Bayless: said "/qradio13"
[01:12:39] [DNMij#1] C. Bayless: said "/qradio13"
[01:12:40] [DNMij#1] C. Bayless: said "/qradio8"
[01:12:40] [DNMij#1] C. Bayless: said "/qradio13"
[01:13:03] [DNMij#1] C. Bayless: said "/qradio8"
[01:13:04] [DNMij#1] C. Bayless: said "/qradio13"
[01:13:04] [DNMij#1] C. Bayless: said "/qradio12"
[01:13:04] [DNMij#1] C. Bayless: said "/qradio8"
[01:13:04] [DNMij#1] C. Bayless: said "/qradio12"
[01:13:51] [DNMij#1] C. Bayless: deleted a vehicle
[01:14:11] [DNMij#1] C. Bayless: spawned a vehicle (model: dps22tahoegrap)
[01:14:15] [DNMij#1] C. Bayless: deleted a vehicle
[01:14:17] [DNMij#1] C. Bayless: disconnected ([txAdmin] Server restarting (requested by CBayless).)
[01:14:31] txAdmin: Logger started
[01:15:27] [6fXY4#1] C. Bayless: joined with identifiers [license:45337f83c46ab97f4302aa4b204e155d3dfafc3d; xbl:2535430136917908; live:914801208190644; discord:477193248767475733; license2:0f07259eaec3bd6ffb57f179184a606e7ef5868a]
[01:16:43] [6fXY4#1] C. Bayless: spawned a vehicle (model: dps22tahoegrap)
[01:16:46] [6fXY4#1] C. Bayless: said "/qradio8"
[01:16:47] [6fXY4#1] C. Bayless: said "/qradio8"
[01:16:48] [6fXY4#1] C. Bayless: said "/qradio8"
[01:16:49] [6fXY4#1] C. Bayless: said "/qradio8"
[01:16:51] [6fXY4#1] C. Bayless: said "/qradio12"
[01:16:51] [6fXY4#1] C. Bayless: said "/qradio8"
[01:16:51] [6fXY4#1] C. Bayless: said "/qradio12"
[01:16:52] [6fXY4#1] C. Bayless: said "/qradio8"
[01:16:52] [6fXY4#1] C. Bayless: said "/qradio8"
[01:16:52] [6fXY4#1] C. Bayless: said "/qradio8"
[01:16:54] [6fXY4#1] C. Bayless: said "/qradio8"
[01:16:54] [6fXY4#1] C. Bayless: said "/qradio12"
[01:16:54] [6fXY4#1] C. Bayless: said "/qradio13"
[01:16:55] [6fXY4#1] C. Bayless: said "/qradio8"
[01:16:55] [6fXY4#1] C. Bayless: said "/qradio13"
[01:16:55] [6fXY4#1] C. Bayless: said "/qradio12"
[01:16:55] [6fXY4#1] C. Bayless: said "/qradio8"
[01:16:55] [6fXY4#1] C. Bayless: said "/qradio13"
[01:16:55] [6fXY4#1] C. Bayless: said "/qradio13"
[01:16:56] [6fXY4#1] C. Bayless: said "/qradio13"
[01:16:56] [6fXY4#1] C. Bayless: said "/qradio12"
[01:16:56] [6fXY4#1] C. Bayless: said "/qradio8"
[01:16:56] [6fXY4#1] C. Bayless: said "/qradio13"
[01:16:56] [6fXY4#1] C. Bayless: said "/qradio13"
[01:16:57] [6fXY4#1] C. Bayless: said "/qradio13"
[01:16:57] [6fXY4#1] C. Bayless: said "/qradio13"
[01:16:57] [6fXY4#1] C. Bayless: said "/qradio13"
[01:16:57] [6fXY4#1] C. Bayless: said "/qradio13"
[01:16:57] [6fXY4#1] C. Bayless: said "/qradio13"
[01:16:57] [6fXY4#1] C. Bayless: said "/qradio13"
[01:16:57] [6fXY4#1] C. Bayless: said "/qradio12"
[01:16:58] [6fXY4#1] C. Bayless: said "/qradio8"
[01:16:58] [6fXY4#1] C. Bayless: said "/qradio12"
[01:16:58] [6fXY4#1] C. Bayless: said "/qradio8"
[01:16:59] [6fXY4#1] C. Bayless: said "/qradio12"
[01:17:00] [6fXY4#1] C. Bayless: said "/qradio8"
[01:17:00] [6fXY4#1] C. Bayless: said "/qradio12"
[01:17:00] [6fXY4#1] C. Bayless: said "/qradio8"
[01:17:00] [6fXY4#1] C. Bayless: said "/qradio8"
[01:17:01] [6fXY4#1] C. Bayless: said "/qradio12"
[01:17:01] [6fXY4#1] C. Bayless: said "/qradio12"
[01:17:01] [6fXY4#1] C. Bayless: said "/qradio8"
[01:17:01] [6fXY4#1] C. Bayless: said "/qradio12"
[01:17:09] [6fXY4#1] C. Bayless: spawned a vehicle (model: slick21charg)
[01:17:14] [6fXY4#1] C. Bayless: said "/qradio8"
[01:17:14] [6fXY4#1] C. Bayless: said "/qradio12"
[01:17:14] [6fXY4#1] C. Bayless: said "/qradio13"
[01:37:18] [6fXY4#1] C. Bayless: died from suicide (Falling)
[01:37:22] [6fXY4#1] C. Bayless: healed themself
[01:37:24] [6fXY4#1] C. Bayless: healed themself
[01:51:06] [6fXY4#2] ARebelSoul: joined with identifiers [license:e4e054b7af74487e222361e0801dafdfdee7d7bc; xbl:2535432762160111; live:1055521760837387; discord:916527930820132884; fivem:2406591; license2:27d5b911469b798af5066de231a1c165d9eb9cc5]
[01:51:43] [6fXY4#2] ARebelSoul: enabled noclip
[01:51:48] [6fXY4#2] ARebelSoul: became mortal (standard mode)
[01:54:16] [6fXY4#1] C. Bayless: said "/txcc"
[01:59:45] [6fXY4#1] C. Bayless: deleted a vehicle
[02:02:19] [6fXY4#1] C. Bayless: deleted a vehicle
[02:04:02] [6fXY4#1] C. Bayless: deleted a vehicle
[02:05:11] [6fXY4#1] C. Bayless: deleted a vehicle
[02:05:29] [6fXY4#1] C. Bayless: spawned a vehicle (model: mcsog1)
[02:08:38] [6fXY4#1] C. Bayless: deleted a vehicle
[02:16:16] [6fXY4#2] ARebelSoul: died from suicide (Falling)
[02:24:54] [6fXY4#2] ARebelSoul: disconnected (Exiting)
[02:25:02] [6fXY4#1] C. Bayless: disconnected ([txAdmin] Server restarting (requested by CBayless).)
[02:25:16] txAdmin: Logger started
[02:26:11] [4iEwM#1] C. Bayless: joined with identifiers [license:45337f83c46ab97f4302aa4b204e155d3dfafc3d; xbl:2535430136917908; live:914801208190644; discord:477193248767475733; license2:0f07259eaec3bd6ffb57f179184a606e7ef5868a]
[02:27:45] [4iEwM#1] C. Bayless: spawned a vehicle (model: slick21charg)
[02:29:58] [4iEwM#1] C. Bayless: disconnected ([txAdmin] Server restarting (requested by CBayless).)
[02:30:12] txAdmin: Logger started
[02:32:31] [MkEjc#1] C. Bayless: joined with identifiers [license:45337f83c46ab97f4302aa4b204e155d3dfafc3d; xbl:2535430136917908; live:914801208190644; discord:477193248767475733; license2:0f07259eaec3bd6ffb57f179184a606e7ef5868a]
[02:36:03] [MkEjc#1] C. Bayless: disconnected ([txAdmin] Server restarting (requested by CBayless).)
[02:36:30] txAdmin: Logger started
[02:37:42] [c9DcE#1] C. Bayless: joined with identifiers [license:45337f83c46ab97f4302aa4b204e155d3dfafc3d; xbl:2535430136917908; live:914801208190644; discord:477193248767475733; license2:0f07259eaec3bd6ffb57f179184a606e7ef5868a]
[02:40:53] [c9DcE#1] C. Bayless: disconnected ([txAdmin] Server restarting (requested by CBayless).)
[02:41:08] txAdmin: Logger started
[02:43:06] [MrMWy#1] C. Bayless: joined with identifiers [license:45337f83c46ab97f4302aa4b204e155d3dfafc3d; xbl:2535430136917908; live:914801208190644; discord:477193248767475733; license2:0f07259eaec3bd6ffb57f179184a606e7ef5868a]
[02:44:20] [MrMWy#2] ARebelSoul: joined with identifiers [license:e4e054b7af74487e222361e0801dafdfdee7d7bc; xbl:2535432762160111; live:1055521760837387; discord:916527930820132884; fivem:2406591; license2:27d5b911469b798af5066de231a1c165d9eb9cc5]
[02:45:55] [MrMWy#1] C. Bayless: said "/qradio8"
[02:45:55] [MrMWy#1] C. Bayless: said "/qradio12"
[02:45:56] [MrMWy#1] C. Bayless: said "/qradio13"
[02:45:56] [MrMWy#1] C. Bayless: said "/qradio8"
[02:46:12] [MrMWy#1] C. Bayless: said "/qradio8"
[02:46:12] [MrMWy#1] C. Bayless: said "/qradio12"
[02:46:12] [MrMWy#1] C. Bayless: said "/qradio12"
[02:46:16] [MrMWy#1] C. Bayless: said "/qradio12"
[02:46:17] [MrMWy#1] C. Bayless: said "/qradio8"
[02:46:17] [MrMWy#1] C. Bayless: said "/qradio12"
[02:46:17] [MrMWy#1] C. Bayless: said "/qradio12"
[02:55:19] [MrMWy#1] C. Bayless: said "/qradio12"
[02:55:19] [MrMWy#1] C. Bayless: said "/qradio8"
[02:55:19] [MrMWy#1] C. Bayless: said "/qradio8"
[02:55:21] [MrMWy#1] C. Bayless: said "/qradio12"
[02:55:48] [MrMWy#2] ARebelSoul: disconnected (Exiting)
[02:55:57] [MrMWy#1] C. Bayless: disconnected ([txAdmin] Server restarting (requested by CBayless).)
[02:56:12] txAdmin: Logger started
[02:57:16] [CTTeX#1] C. Bayless: joined with identifiers [license:45337f83c46ab97f4302aa4b204e155d3dfafc3d; xbl:2535430136917908; live:914801208190644; discord:477193248767475733; license2:0f07259eaec3bd6ffb57f179184a606e7ef5868a]
[03:01:31] [CTTeX#2] ARebelSoul: joined with identifiers [license:e4e054b7af74487e222361e0801dafdfdee7d7bc; xbl:2535432762160111; live:1055521760837387; discord:916527930820132884; fivem:2406591; license2:27d5b911469b798af5066de231a1c165d9eb9cc5]
[03:03:09] [CTTeX#1] C. Bayless: said "/qradio8"
[03:03:09] [CTTeX#1] C. Bayless: said "/qradio12"
[03:03:09] [CTTeX#1] C. Bayless: said "/qradio8"
[03:03:10] [CTTeX#1] C. Bayless: said "/qradio12"
[03:03:10] [CTTeX#1] C. Bayless: said "/qradio8"
[03:03:10] [CTTeX#1] C. Bayless: said "/qradio12"
[03:03:10] [CTTeX#1] C. Bayless: said "/qradio8"
[03:03:10] [CTTeX#1] C. Bayless: said "/qradio12"
[03:03:11] [CTTeX#1] C. Bayless: said "/qradio8"
[03:03:11] [CTTeX#1] C. Bayless: said "/qradio12"
[03:09:35] [CTTeX#2] ARebelSoul: disconnected ([txAdmin] Server restarting (requested by CBayless).)
[03:09:35] [CTTeX#1] C. Bayless: disconnected ([txAdmin] Server restarting (requested by CBayless).)
[03:09:50] txAdmin: Logger started
[03:10:52] [QBLrm#1] C. Bayless: joined with identifiers [license:45337f83c46ab97f4302aa4b204e155d3dfafc3d; xbl:2535430136917908; live:914801208190644; discord:477193248767475733; license2:0f07259eaec3bd6ffb57f179184a606e7ef5868a]
[03:24:38] [QBLrm#1] C. Bayless: disconnected ([txAdmin] Server restarting (requested by CBayless).)
[03:24:52] txAdmin: Logger started
[03:26:31] [jyhcb#1] C. Bayless: joined with identifiers [license:45337f83c46ab97f4302aa4b204e155d3dfafc3d; xbl:2535430136917908; live:914801208190644; discord:477193248767475733; license2:0f07259eaec3bd6ffb57f179184a606e7ef5868a]
[03:36:59] [jyhcb#1] C. Bayless: deleted a vehicle
[03:38:57] [jyhcb#1] C. Bayless: died from suicide (Falling)
[03:39:24] [jyhcb#1] C. Bayless: healed themself
[03:41:06] [jyhcb#1] C. Bayless: deleted a vehicle
[03:48:59] [jyhcb#1] C. Bayless: deleted a vehicle
[03:50:40] [jyhcb#1] C. Bayless: deleted a vehicle
[03:51:59] [jyhcb#1] C. Bayless: deleted a vehicle
[03:54:42] [jyhcb#1] C. Bayless: deleted a vehicle
[03:54:53] [jyhcb#1] C. Bayless: said "t"
[03:57:27] [jyhcb#1] C. Bayless: said "t"
[03:58:36] [jyhcb#1] C. Bayless: said "/build"
[04:41:31] [jyhcb#1] C. Bayless: spawned a vehicle (model: slick21charg)
[04:48:57] [jyhcb#1] C. Bayless: deleted a vehicle
[04:53:18] [jyhcb#1] C. Bayless: deleted a vehicle
[04:55:30] [jyhcb#1] C. Bayless: died from suicide (Falling)
[04:55:36] [jyhcb#1] C. Bayless: healed themself
[04:58:29] [jyhcb#1] C. Bayless: disconnected (Exiting)
[05:08:11] [jyhcb#2] GShep Games: joined with identifiers [license:cd2a34df2895549815ab458d493b3de41c6acc99; xbl:2535444190322569; live:914797973510094; discord:490990536614739969; license2:e3214e1fd2283e8630114b60ff82fe4a28e8ab36]
[05:11:31] [jyhcb#2] GShep Games: enabled noclip
[05:11:41] [jyhcb#2] GShep Games: became mortal (standard mode)
[05:12:21] [jyhcb#3] ARebelSoul: joined with identifiers [license:e4e054b7af74487e222361e0801dafdfdee7d7bc; xbl:2535432762160111; live:1055521760837387; discord:916527930820132884; fivem:2406591; license2:27d5b911469b798af5066de231a1c165d9eb9cc5]
[05:16:43] [jyhcb#3] ARebelSoul: said "/lock"
[05:20:12] [jyhcb#2] GShep Games: deleted a vehicle
[05:22:01] [jyhcb#3] ARebelSoul: said "/deletedoor"
[05:23:01] [jyhcb#2] GShep Games: boosted their vehicle
[05:23:02] [jyhcb#2] GShep Games: deleted a vehicle
[05:23:23] [jyhcb#2] GShep Games: spawned a vehicle (model: dps21explorer)
[05:24:26] [jyhcb#2] GShep Games: spawned a vehicle (model: fd250command)
[05:27:25] [jyhcb#2] GShep Games: deleted a vehicle
[05:28:22] [jyhcb#2] GShep Games: spawned a vehicle (model: fd250command)
[05:30:40] [jyhcb#2] GShep Games: deleted a vehicle
[05:30:43] [jyhcb#2] GShep Games: disconnected (Exiting)
[05:52:27] txAdmin: Logger started
[05:53:03] [riRhy#1] C. Bayless: joined with identifiers [license:45337f83c46ab97f4302aa4b204e155d3dfafc3d; xbl:2535430136917908; live:914801208190644; discord:477193248767475733; license2:0f07259eaec3bd6ffb57f179184a606e7ef5868a]
[05:53:24] [riRhy#2] ARebelSoul: joined with identifiers [license:e4e054b7af74487e222361e0801dafdfdee7d7bc; xbl:2535432762160111; live:1055521760837387; discord:916527930820132884; fivem:2406591; license2:27d5b911469b798af5066de231a1c165d9eb9cc5]
[05:54:02] [riRhy#2] ARebelSoul: enabled noclip
[05:54:08] [riRhy#1] C. Bayless: enabled noclip
[05:56:39] [riRhy#2] ARebelSoul: became mortal (standard mode)
[05:56:47] [riRhy#2] ARebelSoul: enabled noclip
[05:57:44] txAdmin: Logger started
[05:58:14] txAdmin: Logger started
[05:59:30] [CpmeR#1] ARebelSoul: joined with identifiers [license:e4e054b7af74487e222361e0801dafdfdee7d7bc; xbl:2535432762160111; live:1055521760837387; discord:916527930820132884; fivem:2406591; license2:27d5b911469b798af5066de231a1c165d9eb9cc5]
[06:00:25] [CpmeR#1] ARebelSoul: enabled noclip
[06:02:13] [CpmeR#2] C. Bayless: joined with identifiers [license:45337f83c46ab97f4302aa4b204e155d3dfafc3d; xbl:2535430136917908; live:914801208190644; discord:477193248767475733; license2:0f07259eaec3bd6ffb57f179184a606e7ef5868a]
[06:03:13] [CpmeR#2] C. Bayless: enabled noclip
[06:03:32] [CpmeR#2] C. Bayless: disconnected (Couldn't start resource cfx-gabz-davispd.)
[06:04:01] txAdmin: Logger started
