
================================================================
======== Log Rotated - 29.4.2024, 00:00:00                      
================================================================
[00:08:20] txAdmin: Logger started
[00:08:57] [nLQ3G#1] ARebelSoul: joined with identifiers [license:e4e054b7af74487e222361e0801dafdfdee7d7bc; xbl:2535432762160111; live:1055521760837387; discord:916527930820132884; fivem:2406591; license2:27d5b911469b798af5066de231a1c165d9eb9cc5]
[00:10:37] [nLQ3G#1] ARebelSoul: spawned a vehicle (model: 01rampov)
[00:13:45] [nLQ3G#1] ARebelSoul: spawned a vehicle (model: 16rampov)
[00:13:49] [nLQ3G#1] ARebelSoul: disconnected (Game crashed: GTA5_b2944.exe!sub_1412FEFF4 (0x16f))
[00:14:12] [nLQ3G#2] ARebelSoul: joined with identifiers [license:e4e054b7af74487e222361e0801dafdfdee7d7bc; xbl:2535432762160111; live:1055521760837387; discord:916527930820132884; fivem:2406591; license2:27d5b911469b798af5066de231a1c165d9eb9cc5]
[00:14:48] [nLQ3G#2] ARebelSoul: disconnected (Game crashed: GTA5_b2944.exe!sub_1412FEFF4 (0x16f))
[00:15:30] txAdmin: Logger started
[00:15:56] [4FkEd#1] ARebelSoul: joined with identifiers [license:e4e054b7af74487e222361e0801dafdfdee7d7bc; xbl:2535432762160111; live:1055521760837387; discord:916527930820132884; fivem:2406591; license2:27d5b911469b798af5066de231a1c165d9eb9cc5]
[00:19:00] [4FkEd#1] ARebelSoul: spawned a vehicle (model: f150pov)
[00:20:55] [4FkEd#1] ARebelSoul: spawned a vehicle (model: 20rampov)
[00:22:53] [4FkEd#1] ARebelSoul: spawned a vehicle (model: f250pov)
[00:25:49] [4FkEd#1] ARebelSoul: spawned a vehicle (model: f250pov)
[00:26:14] [4FkEd#1] ARebelSoul: spawned a vehicle (model: 20rampov)
[00:26:36] [4FkEd#1] ARebelSoul: spawned a vehicle (model: f150pov)
[00:26:54] [4FkEd#1] ARebelSoul: spawned a vehicle (model: 01rampov)
[00:27:44] [4FkEd#1] ARebelSoul: spawned a vehicle (model: f250pov)
[00:28:10] [4FkEd#2] C. Bayless: joined with identifiers [license:45337f83c46ab97f4302aa4b204e155d3dfafc3d; xbl:2535430136917908; live:914801208190644; discord:477193248767475733; license2:0f07259eaec3bd6ffb57f179184a606e7ef5868a]
[00:29:56] [4FkEd#1] ARebelSoul: enabled noclip
[00:30:05] [4FkEd#1] ARebelSoul: became mortal (standard mode)
[00:30:52] [4FkEd#1] ARebelSoul: spawned a vehicle (model: 11cvpiv)
[00:31:15] [4FkEd#2] C. Bayless: spawned a vehicle (model: 18chargervs)
[00:31:16] [4FkEd#1] ARebelSoul: spawned a vehicle (model: 18chargervs)
[00:31:22] [4FkEd#2] C. Bayless: spawned a vehicle (model: 18chargervs)
[00:31:36] [4FkEd#2] C. Bayless: spawned a vehicle (model: 18taurusvs)
[00:34:45] [4FkEd#2] C. Bayless: spawned a vehicle (model: f250pov)
[00:43:28] [4FkEd#2] C. Bayless: said "/dvw"
[00:44:03] [4FkEd#2] C. Bayless: said "/quiit"
[00:44:04] [4FkEd#2] C. Bayless: disconnected (Exiting)
[00:54:09] [4FkEd#1] ARebelSoul: said "txadmin"
[00:54:18] [4FkEd#1] ARebelSoul: spawned a vehicle (model: f250pov)
[01:24:58] [4FkEd#1] ARebelSoul: spawned a vehicle (model: f250pov)
[01:32:58] [4FkEd#1] ARebelSoul: spawned a vehicle (model: f250pov)
[01:34:15] [4FkEd#1] ARebelSoul: enabled noclip
[01:34:24] [4FkEd#1] ARebelSoul: became mortal (standard mode)
[01:36:10] [4FkEd#3] C. Bayless: joined with identifiers [license:45337f83c46ab97f4302aa4b204e155d3dfafc3d; xbl:2535430136917908; live:914801208190644; discord:477193248767475733; license2:0f07259eaec3bd6ffb57f179184a606e7ef5868a]
[01:42:42] [4FkEd#3] C. Bayless: spawned a vehicle (model: 18chargervs)
[01:42:57] [4FkEd#3] C. Bayless: said "tx"
[01:43:37] [4FkEd#3] C. Bayless: disconnected (Exiting)
[01:46:11] [4FkEd#4] C. Bayless: joined with identifiers [license:45337f83c46ab97f4302aa4b204e155d3dfafc3d; xbl:2535430136917908; live:914801208190644; discord:477193248767475733; license2:0f07259eaec3bd6ffb57f179184a606e7ef5868a]
[01:47:56] [4FkEd#1] ARebelSoul: enabled noclip
[01:48:09] [4FkEd#4] C. Bayless: spawned a vehicle (model: 18chargervw)
[01:48:52] [4FkEd#1] ARebelSoul: became mortal (standard mode)
[01:49:05] [4FkEd#4] C. Bayless: disconnected (Exiting)
[01:50:45] [4FkEd#5] C. Bayless: joined with identifiers [license:45337f83c46ab97f4302aa4b204e155d3dfafc3d; xbl:2535430136917908; live:914801208190644; discord:477193248767475733; license2:0f07259eaec3bd6ffb57f179184a606e7ef5868a]
[01:52:04] [4FkEd#5] C. Bayless: teleported to player [#1] ARebelSoul (x=2813.090, y=3469.860, z=54.874)
[01:53:15] [4FkEd#1] ARebelSoul: spawned a vehicle (model: 18chargervs)
[01:54:03] [4FkEd#5] C. Bayless: disconnected ([txAdmin] Server restarting (requested by ARebelSoul).)
[01:54:03] [4FkEd#1] ARebelSoul: disconnected ([txAdmin] Server restarting (requested by ARebelSoul).)
[01:54:17] txAdmin: Logger started
[01:54:59] [chM8F#1] ARebelSoul: joined with identifiers [license:e4e054b7af74487e222361e0801dafdfdee7d7bc; xbl:2535432762160111; live:1055521760837387; discord:916527930820132884; fivem:2406591; license2:27d5b911469b798af5066de231a1c165d9eb9cc5]
[01:55:06] [chM8F#2] C. Bayless: joined with identifiers [license:45337f83c46ab97f4302aa4b204e155d3dfafc3d; xbl:2535430136917908; live:914801208190644; discord:477193248767475733; license2:0f07259eaec3bd6ffb57f179184a606e7ef5868a]
[01:56:01] [chM8F#1] ARebelSoul: spawned a vehicle (model: 18chargervs)
[01:56:39] [chM8F#2] C. Bayless: spawned a vehicle (model: 18chargervs)
[01:57:18] [chM8F#2] C. Bayless: repaired their vehicle
[01:59:42] [chM8F#2] C. Bayless: spawned a vehicle (model: 18tahoevs)
[02:00:05] [chM8F#2] C. Bayless: spawned a vehicle (model: 16fpiuvs)
[02:01:10] [chM8F#1] ARebelSoul: spawned a vehicle (model: 18chargervs)
[02:01:27] [chM8F#2] C. Bayless: repaired their vehicle
[02:02:48] [chM8F#2] C. Bayless: said "/dsv"
[02:02:51] [chM8F#1] ARebelSoul: spawned a vehicle (model: 18chargervs)
[02:04:22] [chM8F#1] ARebelSoul: spawned a vehicle (model: 18charger)
[02:05:43] [chM8F#2] C. Bayless: spawned a vehicle (model: 18charger)
[02:06:04] [chM8F#1] ARebelSoul: spawned a vehicle (model: 18chargervw)
[02:35:24] [chM8F#2] C. Bayless: disconnected (Exiting)
[02:46:52] [chM8F#1] ARebelSoul: enabled noclip
[02:46:59] [chM8F#1] ARebelSoul: became mortal (standard mode)
[02:53:17] [chM8F#1] ARebelSoul: enabled noclip
[02:53:55] [chM8F#1] ARebelSoul: became mortal (standard mode)
[02:54:03] [chM8F#1] ARebelSoul: enabled noclip
[02:54:08] [chM8F#1] ARebelSoul: became mortal (standard mode)
[02:54:43] [chM8F#1] ARebelSoul: enabled noclip
[02:55:13] [chM8F#1] ARebelSoul: became mortal (standard mode)
[02:55:20] [chM8F#1] ARebelSoul: enabled noclip
[02:57:27] [chM8F#1] ARebelSoul: became mortal (standard mode)
[02:58:30] [chM8F#1] ARebelSoul: teleported to coordinates (x=-2606.010, y=2995.532, z=25.854)
[02:58:45] [chM8F#1] ARebelSoul: enabled noclip
[02:59:01] [chM8F#1] ARebelSoul: became mortal (standard mode)
[02:59:47] [chM8F#1] ARebelSoul: enabled noclip
[03:00:15] [chM8F#1] ARebelSoul: became mortal (standard mode)
[03:13:42] [chM8F#1] ARebelSoul: disconnected (Couldn't load resource sonoran-trafficcam: Couldn't load resource sonoran-trafficcam from resources:)
[03:14:09] txAdmin: Logger started
[03:15:48] [bEPAy#1] ARebelSoul: joined with identifiers [license:e4e054b7af74487e222361e0801dafdfdee7d7bc; xbl:2535432762160111; live:1055521760837387; discord:916527930820132884; fivem:2406591; license2:27d5b911469b798af5066de231a1c165d9eb9cc5]
[03:16:28] [bEPAy#1] ARebelSoul: enabled noclip
[03:24:12] [bEPAy#1] ARebelSoul: disconnected ([txAdmin] Server restarting (requested by ARebelSoul).)
[03:24:26] txAdmin: Logger started
[03:24:54] [QRrFn#1] ARebelSoul: joined with identifiers [license:e4e054b7af74487e222361e0801dafdfdee7d7bc; xbl:2535432762160111; live:1055521760837387; discord:916527930820132884; fivem:2406591; license2:27d5b911469b798af5066de231a1c165d9eb9cc5]
[03:25:31] [QRrFn#1] ARebelSoul: enabled noclip
[03:30:11] [QRrFn#1] ARebelSoul: disconnected ([txAdmin] Server restarting (requested by zap1193672).)
[03:30:25] txAdmin: Logger started
[03:30:59] [7wFLe#1] ARebelSoul: joined with identifiers [license:e4e054b7af74487e222361e0801dafdfdee7d7bc; xbl:2535432762160111; live:1055521760837387; discord:916527930820132884; fivem:2406591; license2:27d5b911469b798af5066de231a1c165d9eb9cc5]
[03:31:37] [7wFLe#1] ARebelSoul: enabled noclip
[03:38:14] [7wFLe#1] ARebelSoul: disconnected ([txAdmin] Server restarting (requested by zap1193672).)
[03:38:28] txAdmin: Logger started
[03:38:56] [dDneD#1] ARebelSoul: joined with identifiers [license:e4e054b7af74487e222361e0801dafdfdee7d7bc; xbl:2535432762160111; live:1055521760837387; discord:916527930820132884; fivem:2406591; license2:27d5b911469b798af5066de231a1c165d9eb9cc5]
[03:39:32] [dDneD#1] ARebelSoul: enabled noclip
[03:54:23] [dDneD#1] ARebelSoul: became mortal (standard mode)
[03:54:29] [dDneD#1] ARebelSoul: said "tx"
[03:54:40] [dDneD#1] ARebelSoul: spawned a vehicle (model: f150pov)
[03:55:11] [dDneD#1] ARebelSoul: said "/vmenu"
[04:04:51] [dDneD#1] ARebelSoul: enabled noclip
[04:04:58] [dDneD#1] ARebelSoul: became mortal (standard mode)
[04:04:59] [dDneD#1] ARebelSoul: enabled noclip
[04:05:00] [dDneD#1] ARebelSoul: became mortal (standard mode)
[04:20:06] [dDneD#1] ARebelSoul: disconnected (Exiting)
